<?xml version="1.0" encoding="UTF-8"?>
<coverage generated="1775782705405" clover="3.2.0">
  <project timestamp="1775782705405" name="All files">
    <metrics statements="480" coveredstatements="377" conditionals="355" coveredconditionals="216" methods="133" coveredmethods="94" elements="968" coveredelements="687" complexity="0" loc="480" ncloc="480" packages="9" files="33" classes="33"/>
    <package name="__mocks__.lib">
      <metrics statements="2" coveredstatements="2" conditionals="0" coveredconditionals="0" methods="0" coveredmethods="0"/>
      <file name="axios.ts" path="/Users/renato/Desktop/laburos/AMA/ui-sistemaJueces/__mocks__/lib/axios.ts">
        <metrics statements="2" coveredstatements="2" conditionals="0" coveredconditionals="0" methods="0" coveredmethods="0"/>
        <line num="4" count="8" type="stmt"/>
        <line num="5" count="8" type="stmt"/>
      </file>
    </package>
    <package name="components.atoms">
      <metrics statements="80" coveredstatements="73" conditionals="74" coveredconditionals="55" methods="30" coveredmethods="27"/>
      <file name="CustomCheckbox.tsx" path="/Users/renato/Desktop/laburos/AMA/ui-sistemaJueces/components/atoms/CustomCheckbox.tsx">
        <metrics statements="1" coveredstatements="1" conditionals="2" coveredconditionals="2" methods="1" coveredmethods="1"/>
        <line num="21" count="3" type="stmt"/>
      </file>
      <file name="CustomInput.tsx" path="/Users/renato/Desktop/laburos/AMA/ui-sistemaJueces/components/atoms/CustomInput.tsx">
        <metrics statements="4" coveredstatements="4" conditionals="0" coveredconditionals="0" methods="2" coveredmethods="2"/>
        <line num="10" count="3" type="stmt"/>
        <line num="11" count="315" type="stmt"/>
        <line num="12" count="315" type="stmt"/>
        <line num="18" count="165" type="stmt"/>
      </file>
      <file name="CustomSelect.tsx" path="/Users/renato/Desktop/laburos/AMA/ui-sistemaJueces/components/atoms/CustomSelect.tsx">
        <metrics statements="6" coveredstatements="4" conditionals="8" coveredconditionals="6" methods="5" coveredmethods="3"/>
        <line num="1" count="3" type="stmt"/>
        <line num="36" count="6" type="cond" truecount="2" falsecount="0"/>
        <line num="38" count="6" type="stmt"/>
        <line num="44" count="0" type="stmt"/>
        <line num="45" count="0" type="cond" truecount="0" falsecount="2"/>
        <line num="56" count="9" type="stmt"/>
      </file>
      <file name="ErrorText.tsx" path="/Users/renato/Desktop/laburos/AMA/ui-sistemaJueces/components/atoms/ErrorText.tsx">
        <metrics statements="1" coveredstatements="1" conditionals="0" coveredconditionals="0" methods="1" coveredmethods="1"/>
        <line num="6" count="8" type="stmt"/>
      </file>
      <file name="LoadingCenter.tsx" path="/Users/renato/Desktop/laburos/AMA/ui-sistemaJueces/components/atoms/LoadingCenter.tsx">
        <metrics statements="1" coveredstatements="1" conditionals="0" coveredconditionals="0" methods="1" coveredmethods="1"/>
        <line num="4" count="2" type="stmt"/>
      </file>
      <file name="MarcaCellEditor.tsx" path="/Users/renato/Desktop/laburos/AMA/ui-sistemaJueces/components/atoms/MarcaCellEditor.tsx">
        <metrics statements="25" coveredstatements="25" conditionals="16" coveredconditionals="11" methods="6" coveredmethods="6"/>
        <line num="1" count="2" type="stmt"/>
        <line num="9" count="2" type="stmt"/>
        <line num="15" count="7" type="stmt"/>
        <line num="17" count="7" type="stmt"/>
        <line num="18" count="6" type="cond" truecount="4" falsecount="0"/>
        <line num="19" count="2" type="cond" truecount="2" falsecount="0"/>
        <line num="20" count="1" type="stmt"/>
        <line num="21" count="1" type="cond" truecount="2" falsecount="2"/>
        <line num="23" count="4" type="cond" truecount="1" falsecount="1"/>
        <line num="26" count="7" type="stmt"/>
        <line num="28" count="7" type="stmt"/>
        <line num="29" count="7" type="stmt"/>
        <line num="33" count="7" type="stmt"/>
        <line num="34" count="6" type="stmt"/>
        <line num="35" count="6" type="cond" truecount="1" falsecount="1"/>
        <line num="36" count="6" type="stmt"/>
        <line num="37" count="6" type="stmt"/>
        <line num="38" count="6" type="stmt"/>
        <line num="41" count="7" type="stmt"/>
        <line num="42" count="1" type="stmt"/>
        <line num="43" count="1" type="stmt"/>
        <line num="46" count="7" type="stmt"/>
        <line num="48" count="1" type="cond" truecount="1" falsecount="1"/>
        <line num="49" count="1" type="stmt"/>
        <line num="53" count="7" type="stmt"/>
      </file>
      <file name="MarcaVientoCellEditor.tsx" path="/Users/renato/Desktop/laburos/AMA/ui-sistemaJueces/components/atoms/MarcaVientoCellEditor.tsx">
        <metrics statements="23" coveredstatements="18" conditionals="20" coveredconditionals="9" methods="7" coveredmethods="6"/>
        <line num="1" count="2" type="stmt"/>
        <line num="17" count="2" type="stmt"/>
        <line num="23" count="7" type="stmt"/>
        <line num="25" count="7" type="stmt"/>
        <line num="26" count="5" type="cond" truecount="2" falsecount="2"/>
        <line num="27" count="0" type="cond" truecount="0" falsecount="2"/>
        <line num="28" count="0" type="stmt"/>
        <line num="29" count="0" type="cond" truecount="0" falsecount="4"/>
        <line num="31" count="5" type="cond" truecount="2" falsecount="0"/>
        <line num="34" count="7" type="stmt"/>
        <line num="35" count="7" type="cond" truecount="2" falsecount="0"/>
        <line num="37" count="7" type="stmt"/>
        <line num="38" count="5" type="stmt"/>
        <line num="41" count="7" type="stmt"/>
        <line num="42" count="7" type="cond" truecount="3" falsecount="1"/>
        <line num="46" count="7" type="stmt"/>
        <line num="47" count="1" type="stmt"/>
        <line num="50" count="7" type="stmt"/>
        <line num="51" count="1" type="stmt"/>
        <line num="54" count="7" type="stmt"/>
        <line num="55" count="0" type="cond" truecount="0" falsecount="2"/>
        <line num="56" count="0" type="stmt"/>
        <line num="60" count="7" type="stmt"/>
      </file>
      <file name="MarcaVientoCellRenderer.tsx" path="/Users/renato/Desktop/laburos/AMA/ui-sistemaJueces/components/atoms/MarcaVientoCellRenderer.tsx">
        <metrics statements="5" coveredstatements="5" conditionals="8" coveredconditionals="7" methods="1" coveredmethods="1"/>
        <line num="1" count="2" type="stmt"/>
        <line num="5" count="2" type="stmt"/>
        <line num="8" count="5" type="cond" truecount="4" falsecount="0"/>
        <line num="9" count="2" type="stmt"/>
        <line num="10" count="3" type="stmt"/>
      </file>
      <file name="PressableCard.tsx" path="/Users/renato/Desktop/laburos/AMA/ui-sistemaJueces/components/atoms/PressableCard.tsx">
        <metrics statements="3" coveredstatements="3" conditionals="6" coveredconditionals="6" methods="1" coveredmethods="1"/>
        <line num="19" count="4" type="cond" truecount="4" falsecount="0"/>
        <line num="20" count="2" type="stmt"/>
        <line num="32" count="2" type="stmt"/>
      </file>
      <file name="StatusChip.tsx" path="/Users/renato/Desktop/laburos/AMA/ui-sistemaJueces/components/atoms/StatusChip.tsx">
        <metrics statements="1" coveredstatements="1" conditionals="3" coveredconditionals="3" methods="1" coveredmethods="1"/>
        <line num="17" count="4" type="stmt"/>
      </file>
      <file name="SubmitButton.tsx" path="/Users/renato/Desktop/laburos/AMA/ui-sistemaJueces/components/atoms/SubmitButton.tsx">
        <metrics statements="3" coveredstatements="3" conditionals="4" coveredconditionals="4" methods="2" coveredmethods="2"/>
        <line num="12" count="4" type="stmt"/>
        <line num="19" count="266" type="stmt"/>
        <line num="22" count="358" type="stmt"/>
      </file>
      <file name="VientoInput.tsx" path="/Users/renato/Desktop/laburos/AMA/ui-sistemaJueces/components/atoms/VientoInput.tsx">
        <metrics statements="7" coveredstatements="7" conditionals="7" coveredconditionals="7" methods="2" coveredmethods="2"/>
        <line num="1" count="2" type="stmt"/>
        <line num="13" count="8" type="stmt"/>
        <line num="14" count="8" type="stmt"/>
        <line num="15" count="8" type="cond" truecount="2" falsecount="0"/>
        <line num="17" count="8" type="stmt"/>
        <line num="18" count="1" type="stmt"/>
        <line num="21" count="8" type="stmt"/>
      </file>
    </package>
    <package name="components.molecules">
      <metrics statements="5" coveredstatements="5" conditionals="4" coveredconditionals="4" methods="3" coveredmethods="3"/>
      <file name="TorneoSelector.tsx" path="/Users/renato/Desktop/laburos/AMA/ui-sistemaJueces/components/molecules/TorneoSelector.tsx">
        <metrics statements="5" coveredstatements="5" conditionals="4" coveredconditionals="4" methods="3" coveredmethods="3"/>
        <line num="1" count="1" type="stmt"/>
        <line num="15" count="4" type="cond" truecount="2" falsecount="0"/>
        <line num="17" count="3" type="stmt"/>
        <line num="19" count="3" type="stmt"/>
        <line num="33" count="3" type="stmt"/>
      </file>
    </package>
    <package name="components.organisms">
      <metrics statements="198" coveredstatements="113" conditionals="161" coveredconditionals="57" methods="57" coveredmethods="23"/>
      <file name="AdminNav.tsx" path="/Users/renato/Desktop/laburos/AMA/ui-sistemaJueces/components/organisms/AdminNav.tsx">
        <metrics statements="7" coveredstatements="7" conditionals="0" coveredconditionals="0" methods="3" coveredmethods="3"/>
        <line num="1" count="1" type="stmt"/>
        <line num="9" count="7" type="stmt"/>
        <line num="10" count="24" type="stmt"/>
        <line num="12" count="7" type="stmt"/>
        <line num="13" count="3" type="stmt"/>
        <line num="14" count="3" type="stmt"/>
        <line num="17" count="7" type="stmt"/>
      </file>
      <file name="ImportErrorsGrid.tsx" path="/Users/renato/Desktop/laburos/AMA/ui-sistemaJueces/components/organisms/ImportErrorsGrid.tsx">
        <metrics statements="14" coveredstatements="14" conditionals="2" coveredconditionals="2" methods="5" coveredmethods="5"/>
        <line num="1" count="1" type="stmt"/>
        <line num="10" count="1" type="stmt"/>
        <line num="13" count="5" type="stmt"/>
        <line num="14" count="5" type="stmt"/>
        <line num="25" count="5" type="stmt"/>
        <line num="26" count="2" type="stmt"/>
        <line num="29" count="12" type="stmt"/>
        <line num="31" count="2" type="stmt"/>
        <line num="33" count="12" type="stmt"/>
        <line num="34" count="12" type="cond" truecount="2" falsecount="0"/>
        <line num="37" count="2" type="stmt"/>
        <line num="38" count="2" type="stmt"/>
        <line num="39" count="2" type="stmt"/>
        <line num="42" count="5" type="stmt"/>
      </file>
      <file name="JuecesGrid.tsx" path="/Users/renato/Desktop/laburos/AMA/ui-sistemaJueces/components/organisms/JuecesGrid.tsx">
        <metrics statements="19" coveredstatements="7" conditionals="12" coveredconditionals="0" methods="12" coveredmethods="2"/>
        <line num="1" count="1" type="stmt"/>
        <line num="11" count="1" type="stmt"/>
        <line num="19" count="7" type="stmt"/>
        <line num="23" count="7" type="stmt"/>
        <line num="24" count="6" type="stmt"/>
        <line num="26" count="6" type="stmt"/>
        <line num="38" count="0" type="stmt"/>
        <line num="51" count="0" type="cond" truecount="0" falsecount="2"/>
        <line num="52" count="0" type="stmt"/>
        <line num="53" count="0" type="stmt"/>
        <line num="57" count="0" type="stmt"/>
        <line num="62" count="0" type="stmt"/>
        <line num="76" count="0" type="cond" truecount="0" falsecount="2"/>
        <line num="77" count="0" type="stmt"/>
        <line num="78" count="0" type="stmt"/>
        <line num="84" count="0" type="stmt"/>
        <line num="92" count="0" type="stmt"/>
        <line num="100" count="0" type="stmt"/>
        <line num="111" count="7" type="stmt"/>
      </file>
      <file name="JuezNav.tsx" path="/Users/renato/Desktop/laburos/AMA/ui-sistemaJueces/components/organisms/JuezNav.tsx">
        <metrics statements="7" coveredstatements="7" conditionals="6" coveredconditionals="6" methods="2" coveredmethods="2"/>
        <line num="1" count="1" type="stmt"/>
        <line num="9" count="13" type="stmt"/>
        <line num="10" count="13" type="stmt"/>
        <line num="12" count="13" type="stmt"/>
        <line num="13" count="2" type="stmt"/>
        <line num="14" count="2" type="stmt"/>
        <line num="17" count="13" type="stmt"/>
      </file>
      <file name="RegistrarAtletaModal.tsx" path="/Users/renato/Desktop/laburos/AMA/ui-sistemaJueces/components/organisms/RegistrarAtletaModal.tsx">
        <metrics statements="38" coveredstatements="34" conditionals="17" coveredconditionals="14" methods="11" coveredmethods="3"/>
        <line num="1" count="1" type="stmt"/>
        <line num="28" count="172" type="stmt"/>
        <line num="29" count="172" type="stmt"/>
        <line num="30" count="172" type="stmt"/>
        <line num="35" count="172" type="stmt"/>
        <line num="36" count="172" type="stmt"/>
        <line num="42" count="172" type="stmt"/>
        <line num="43" count="172" type="stmt"/>
        <line num="45" count="172" type="stmt"/>
        <line num="46" count="13" type="stmt"/>
        <line num="47" count="13" type="stmt"/>
        <line num="48" count="13" type="stmt"/>
        <line num="49" count="13" type="stmt"/>
        <line num="50" count="13" type="stmt"/>
        <line num="51" count="13" type="stmt"/>
        <line num="54" count="8" type="stmt"/>
        <line num="56" count="5" type="stmt"/>
        <line num="59" count="5" type="cond" truecount="2" falsecount="0"/>
        <line num="60" count="2" type="cond" truecount="1" falsecount="1"/>
        <line num="62" count="13" type="stmt"/>
        <line num="66" count="172" type="stmt"/>
        <line num="67" count="4" type="stmt"/>
        <line num="68" count="4" type="stmt"/>
        <line num="69" count="4" type="stmt"/>
        <line num="70" count="4" type="stmt"/>
        <line num="76" count="2" type="stmt"/>
        <line num="77" count="2" type="stmt"/>
        <line num="78" count="2" type="stmt"/>
        <line num="79" count="2" type="stmt"/>
        <line num="80" count="2" type="stmt"/>
        <line num="82" count="2" type="stmt"/>
        <line num="83" count="2" type="cond" truecount="1" falsecount="1"/>
        <line num="85" count="4" type="stmt"/>
        <line num="89" count="172" type="stmt"/>
        <line num="144" count="0" type="stmt"/>
        <line num="152" count="0" type="stmt"/>
        <line num="161" count="0" type="stmt"/>
        <line num="169" count="0" type="stmt"/>
      </file>
      <file name="ResultadosGrid.tsx" path="/Users/renato/Desktop/laburos/AMA/ui-sistemaJueces/components/organisms/ResultadosGrid.tsx">
        <metrics statements="103" coveredstatements="34" conditionals="118" coveredconditionals="29" methods="21" coveredmethods="5"/>
        <line num="1" count="1" type="stmt"/>
        <line num="35" count="1" type="stmt"/>
        <line num="37" count="1" type="stmt"/>
        <line num="49" count="16" type="stmt"/>
        <line num="50" count="16" type="stmt"/>
        <line num="51" count="16" type="stmt"/>
        <line num="52" count="16" type="stmt"/>
        <line num="53" count="48" type="cond" truecount="1" falsecount="1"/>
        <line num="55" count="16" type="stmt"/>
        <line num="56" count="0" type="stmt"/>
        <line num="59" count="16" type="stmt"/>
        <line num="61" count="16" type="stmt"/>
        <line num="62" count="16" type="stmt"/>
        <line num="68" count="0" type="cond" truecount="0" falsecount="2"/>
        <line num="79" count="0" type="cond" truecount="0" falsecount="2"/>
        <line num="90" count="0" type="cond" truecount="0" falsecount="2"/>
        <line num="95" count="16" type="cond" truecount="4" falsecount="0"/>
        <line num="96" count="13" type="cond" truecount="2" falsecount="0"/>
        <line num="97" count="13" type="stmt"/>
        <line num="105" count="0" type="cond" truecount="0" falsecount="2"/>
        <line num="106" count="0" type="stmt"/>
        <line num="111" count="0" type="stmt"/>
        <line num="112" count="0" type="stmt"/>
        <line num="118" count="16" type="cond" truecount="2" falsecount="0"/>
        <line num="119" count="2" type="cond" truecount="1" falsecount="1"/>
        <line num="120" count="2" type="cond" truecount="1" falsecount="1"/>
        <line num="121" count="2" type="stmt"/>
        <line num="123" count="2" type="stmt"/>
        <line num="124" count="6" type="cond" truecount="2" falsecount="0"/>
        <line num="126" count="3" type="stmt"/>
        <line num="134" count="0" type="stmt"/>
        <line num="140" count="0" type="cond" truecount="0" falsecount="2"/>
        <line num="141" count="0" type="cond" truecount="0" falsecount="2"/>
        <line num="142" count="0" type="stmt"/>
        <line num="151" count="0" type="cond" truecount="0" falsecount="2"/>
        <line num="152" count="0" type="stmt"/>
        <line num="153" count="0" type="stmt"/>
        <line num="158" count="0" type="stmt"/>
        <line num="159" count="0" type="stmt"/>
        <line num="160" count="0" type="stmt"/>
        <line num="165" count="3" type="stmt"/>
        <line num="173" count="0" type="cond" truecount="0" falsecount="2"/>
        <line num="175" count="0" type="cond" truecount="0" falsecount="2"/>
        <line num="176" count="0" type="cond" truecount="0" falsecount="2"/>
        <line num="177" count="0" type="stmt"/>
        <line num="186" count="0" type="cond" truecount="0" falsecount="2"/>
        <line num="187" count="0" type="stmt"/>
        <line num="188" count="0" type="cond" truecount="0" falsecount="2"/>
        <line num="189" count="0" type="stmt"/>
        <line num="190" count="0" type="stmt"/>
        <line num="191" count="0" type="stmt"/>
        <line num="198" count="6" type="cond" truecount="2" falsecount="0"/>
        <line num="203" count="16" type="cond" truecount="2" falsecount="0"/>
        <line num="204" count="1" type="stmt"/>
        <line num="209" count="0" type="cond" truecount="0" falsecount="2"/>
        <line num="210" count="0" type="stmt"/>
        <line num="211" count="0" type="stmt"/>
        <line num="218" count="16" type="cond" truecount="2" falsecount="0"/>
        <line num="219" count="16" type="stmt"/>
        <line num="226" count="0" type="stmt"/>
        <line num="227" count="0" type="cond" truecount="0" falsecount="2"/>
        <line num="228" count="0" type="cond" truecount="0" falsecount="2"/>
        <line num="229" count="0" type="cond" truecount="0" falsecount="2"/>
        <line num="230" count="0" type="stmt"/>
        <line num="235" count="0" type="stmt"/>
        <line num="238" count="0" type="cond" truecount="0" falsecount="2"/>
        <line num="239" count="0" type="cond" truecount="0" falsecount="2"/>
        <line num="240" count="0" type="cond" truecount="0" falsecount="2"/>
        <line num="241" count="0" type="cond" truecount="0" falsecount="2"/>
        <line num="243" count="0" type="stmt"/>
        <line num="249" count="0" type="stmt"/>
        <line num="250" count="0" type="stmt"/>
        <line num="251" count="0" type="stmt"/>
        <line num="254" count="0" type="stmt"/>
        <line num="255" count="0" type="cond" truecount="0" falsecount="2"/>
        <line num="256" count="0" type="cond" truecount="0" falsecount="2"/>
        <line num="257" count="0" type="stmt"/>
        <line num="264" count="0" type="cond" truecount="0" falsecount="2"/>
        <line num="265" count="0" type="stmt"/>
        <line num="272" count="0" type="stmt"/>
        <line num="282" count="16" type="stmt"/>
        <line num="285" count="16" type="stmt"/>
        <line num="286" count="2" type="stmt"/>
        <line num="287" count="2" type="cond" truecount="1" falsecount="1"/>
        <line num="289" count="0" type="stmt"/>
        <line num="290" count="0" type="stmt"/>
        <line num="291" count="0" type="cond" truecount="0" falsecount="2"/>
        <line num="294" count="0" type="stmt"/>
        <line num="295" count="0" type="stmt"/>
        <line num="309" count="0" type="cond" truecount="0" falsecount="2"/>
        <line num="310" count="0" type="stmt"/>
        <line num="315" count="0" type="cond" truecount="0" falsecount="2"/>
        <line num="316" count="0" type="stmt"/>
        <line num="321" count="0" type="stmt"/>
        <line num="328" count="0" type="stmt"/>
        <line num="329" count="0" type="stmt"/>
        <line num="330" count="0" type="stmt"/>
        <line num="331" count="0" type="stmt"/>
        <line num="334" count="0" type="stmt"/>
        <line num="337" count="2" type="stmt"/>
        <line num="339" count="0" type="stmt"/>
        <line num="341" count="0" type="stmt"/>
        <line num="354" count="16" type="stmt"/>
      </file>
      <file name="SuperJuezGuard.tsx" path="/Users/renato/Desktop/laburos/AMA/ui-sistemaJueces/components/organisms/SuperJuezGuard.tsx">
        <metrics statements="10" coveredstatements="10" conditionals="6" coveredconditionals="6" methods="3" coveredmethods="3"/>
        <line num="1" count="1" type="stmt"/>
        <line num="12" count="236" type="stmt"/>
        <line num="13" count="78" type="stmt"/>
        <line num="15" count="78" type="stmt"/>
        <line num="16" count="78" type="stmt"/>
        <line num="19" count="78" type="cond" truecount="2" falsecount="0"/>
        <line num="21" count="78" type="cond" truecount="2" falsecount="0"/>
        <line num="23" count="74" type="stmt"/>
        <line num="24" count="4" type="stmt"/>
        <line num="27" count="74" type="stmt"/>
      </file>
    </package>
    <package name="hooks">
      <metrics statements="107" coveredstatements="98" conditionals="35" coveredconditionals="24" methods="19" coveredmethods="18"/>
      <file name="useAmaAuth.ts" path="/Users/renato/Desktop/laburos/AMA/ui-sistemaJueces/hooks/useAmaAuth.ts">
        <metrics statements="20" coveredstatements="20" conditionals="8" coveredconditionals="6" methods="3" coveredmethods="3"/>
        <line num="1" count="1" type="stmt"/>
        <line num="8" count="9" type="stmt"/>
        <line num="9" count="9" type="stmt"/>
        <line num="10" count="27" type="stmt"/>
        <line num="12" count="9" type="stmt"/>
        <line num="16" count="4" type="stmt"/>
        <line num="17" count="4" type="stmt"/>
        <line num="18" count="4" type="stmt"/>
        <line num="19" count="4" type="stmt"/>
        <line num="24" count="3" type="stmt"/>
        <line num="32" count="4" type="cond" truecount="4" falsecount="0"/>
        <line num="33" count="1" type="stmt"/>
        <line num="34" count="1" type="stmt"/>
        <line num="37" count="2" type="stmt"/>
        <line num="38" count="2" type="stmt"/>
        <line num="40" count="1" type="stmt"/>
        <line num="41" count="1" type="cond" truecount="1" falsecount="1"/>
        <line num="42" count="1" type="stmt"/>
        <line num="44" count="4" type="stmt"/>
        <line num="48" count="9" type="stmt"/>
      </file>
      <file name="useEventoAtletas.ts" path="/Users/renato/Desktop/laburos/AMA/ui-sistemaJueces/hooks/useEventoAtletas.ts">
        <metrics statements="15" coveredstatements="15" conditionals="5" coveredconditionals="5" methods="3" coveredmethods="3"/>
        <line num="1" count="1" type="stmt"/>
        <line num="11" count="8" type="stmt"/>
        <line num="12" count="8" type="stmt"/>
        <line num="13" count="8" type="stmt"/>
        <line num="15" count="8" type="stmt"/>
        <line num="16" count="5" type="cond" truecount="5" falsecount="0"/>
        <line num="17" count="4" type="stmt"/>
        <line num="18" count="4" type="stmt"/>
        <line num="19" count="4" type="stmt"/>
        <line num="22" count="3" type="stmt"/>
        <line num="24" count="1" type="stmt"/>
        <line num="26" count="4" type="stmt"/>
        <line num="30" count="8" type="stmt"/>
        <line num="31" count="4" type="stmt"/>
        <line num="34" count="8" type="stmt"/>
      </file>
      <file name="useJuezAuth.ts" path="/Users/renato/Desktop/laburos/AMA/ui-sistemaJueces/hooks/useJuezAuth.ts">
        <metrics statements="36" coveredstatements="27" conditionals="14" coveredconditionals="6" methods="6" coveredmethods="5"/>
        <line num="1" count="2" type="stmt"/>
        <line num="7" count="88" type="stmt"/>
        <line num="8" count="88" type="stmt"/>
        <line num="9" count="265" type="stmt"/>
        <line num="11" count="88" type="stmt"/>
        <line num="12" count="2" type="stmt"/>
        <line num="13" count="2" type="stmt"/>
        <line num="14" count="2" type="stmt"/>
        <line num="15" count="2" type="stmt"/>
        <line num="18" count="1" type="stmt"/>
        <line num="25" count="1" type="cond" truecount="1" falsecount="1"/>
        <line num="26" count="1" type="stmt"/>
        <line num="28" count="2" type="stmt"/>
        <line num="32" count="88" type="stmt"/>
        <line num="33" count="0" type="stmt"/>
        <line num="34" count="0" type="stmt"/>
        <line num="35" count="0" type="stmt"/>
        <line num="36" count="0" type="stmt"/>
        <line num="40" count="0" type="stmt"/>
        <line num="48" count="0" type="stmt"/>
        <line num="50" count="0" type="cond" truecount="0" falsecount="2"/>
        <line num="51" count="0" type="stmt"/>
        <line num="53" count="0" type="stmt"/>
        <line num="57" count="88" type="stmt"/>
        <line num="58" count="6" type="stmt"/>
        <line num="59" count="6" type="stmt"/>
        <line num="60" count="6" type="stmt"/>
        <line num="61" count="6" type="stmt"/>
        <line num="65" count="3" type="stmt"/>
        <line num="73" count="6" type="stmt"/>
        <line num="75" count="3" type="cond" truecount="1" falsecount="1"/>
        <line num="76" count="3" type="stmt"/>
        <line num="78" count="6" type="stmt"/>
        <line num="83" count="88" type="stmt"/>
        <line num="84" count="2" type="cond" truecount="1" falsecount="1"/>
        <line num="88" count="88" type="stmt"/>
      </file>
      <file name="usePruebas.ts" path="/Users/renato/Desktop/laburos/AMA/ui-sistemaJueces/hooks/usePruebas.ts">
        <metrics statements="15" coveredstatements="15" conditionals="2" coveredconditionals="2" methods="3" coveredmethods="3"/>
        <line num="1" count="1" type="stmt"/>
        <line num="7" count="5" type="stmt"/>
        <line num="8" count="5" type="stmt"/>
        <line num="9" count="5" type="stmt"/>
        <line num="11" count="5" type="stmt"/>
        <line num="12" count="3" type="cond" truecount="2" falsecount="0"/>
        <line num="13" count="2" type="stmt"/>
        <line num="14" count="2" type="stmt"/>
        <line num="15" count="2" type="stmt"/>
        <line num="16" count="2" type="stmt"/>
        <line num="19" count="1" type="stmt"/>
        <line num="21" count="1" type="stmt"/>
        <line num="23" count="2" type="stmt"/>
        <line num="26" count="2" type="stmt"/>
        <line num="29" count="5" type="stmt"/>
      </file>
      <file name="useTorneos.ts" path="/Users/renato/Desktop/laburos/AMA/ui-sistemaJueces/hooks/useTorneos.ts">
        <metrics statements="21" coveredstatements="21" conditionals="6" coveredconditionals="5" methods="4" coveredmethods="4"/>
        <line num="1" count="1" type="stmt"/>
        <line num="6" count="1" type="stmt"/>
        <line num="7" count="1" type="stmt"/>
        <line num="10" count="9" type="stmt"/>
        <line num="11" count="9" type="stmt"/>
        <line num="12" count="9" type="stmt"/>
        <line num="13" count="9" type="stmt"/>
        <line num="15" count="9" type="stmt"/>
        <line num="16" count="4" type="stmt"/>
        <line num="17" count="4" type="stmt"/>
        <line num="18" count="4" type="stmt"/>
        <line num="19" count="4" type="stmt"/>
        <line num="20" count="3" type="cond" truecount="1" falsecount="1"/>
        <line num="22" count="1" type="stmt"/>
        <line num="24" count="4" type="stmt"/>
        <line num="27" count="4" type="stmt"/>
        <line num="30" count="9" type="cond" truecount="2" falsecount="0"/>
        <line num="32" count="3" type="stmt"/>
        <line num="33" count="3" type="stmt"/>
        <line num="34" count="3" type="cond" truecount="2" falsecount="0"/>
        <line num="38" count="9" type="stmt"/>
      </file>
    </package>
    <package name="lib.utils">
      <metrics statements="53" coveredstatements="52" conditionals="73" coveredconditionals="68" methods="6" coveredmethods="6"/>
      <file name="grid.ts" path="/Users/renato/Desktop/laburos/AMA/ui-sistemaJueces/lib/utils/grid.ts">
        <metrics statements="3" coveredstatements="3" conditionals="8" coveredconditionals="8" methods="2" coveredmethods="2"/>
        <line num="7" count="19" type="stmt"/>
        <line num="8" count="19" type="stmt"/>
        <line num="25" count="3" type="cond" truecount="2" falsecount="0"/>
      </file>
      <file name="marca.ts" path="/Users/renato/Desktop/laburos/AMA/ui-sistemaJueces/lib/utils/marca.ts">
        <metrics statements="32" coveredstatements="31" conditionals="38" coveredconditionals="35" methods="2" coveredmethods="2"/>
        <line num="18" count="4" type="stmt"/>
        <line num="40" count="29" type="stmt"/>
        <line num="41" count="29" type="cond" truecount="1" falsecount="1"/>
        <line num="44" count="29" type="cond" truecount="2" falsecount="0"/>
        <line num="47" count="28" type="stmt"/>
        <line num="48" count="28" type="cond" truecount="4" falsecount="0"/>
        <line num="51" count="25" type="cond" truecount="4" falsecount="0"/>
        <line num="52" count="2" type="stmt"/>
        <line num="56" count="23" type="cond" truecount="2" falsecount="0"/>
        <line num="57" count="1" type="stmt"/>
        <line num="58" count="1" type="cond" truecount="1" falsecount="1"/>
        <line num="59" count="1" type="stmt"/>
        <line num="61" count="0" type="stmt"/>
        <line num="65" count="22" type="stmt"/>
        <line num="68" count="22" type="cond" truecount="2" falsecount="0"/>
        <line num="71" count="19" type="stmt"/>
        <line num="72" count="19" type="stmt"/>
        <line num="73" count="19" type="cond" truecount="2" falsecount="0"/>
        <line num="74" count="60" type="cond" truecount="2" falsecount="0"/>
        <line num="75" count="13" type="stmt"/>
        <line num="77" count="47" type="stmt"/>
        <line num="81" count="19" type="stmt"/>
        <line num="85" count="13" type="cond" truecount="2" falsecount="0"/>
        <line num="86" count="12" type="cond" truecount="4" falsecount="0"/>
        <line num="87" count="10" type="stmt"/>
        <line num="88" count="10" type="cond" truecount="1" falsecount="1"/>
        <line num="89" count="10" type="cond" truecount="2" falsecount="0"/>
        <line num="90" count="6" type="stmt"/>
        <line num="91" count="29" type="cond" truecount="2" falsecount="0"/>
        <line num="92" count="5" type="cond" truecount="2" falsecount="0"/>
        <line num="94" count="24" type="cond" truecount="2" falsecount="0"/>
        <line num="97" count="4" type="stmt"/>
      </file>
      <file name="viento.ts" path="/Users/renato/Desktop/laburos/AMA/ui-sistemaJueces/lib/utils/viento.ts">
        <metrics statements="18" coveredstatements="18" conditionals="27" coveredconditionals="25" methods="2" coveredmethods="2"/>
        <line num="15" count="15" type="cond" truecount="2" falsecount="0"/>
        <line num="17" count="3" type="cond" truecount="4" falsecount="0"/>
        <line num="19" count="1" type="stmt"/>
        <line num="22" count="2" type="stmt"/>
        <line num="26" count="12" type="cond" truecount="5" falsecount="0"/>
        <line num="29" count="10" type="stmt"/>
        <line num="32" count="10" type="stmt"/>
        <line num="33" count="10" type="cond" truecount="4" falsecount="0"/>
        <line num="36" count="8" type="stmt"/>
        <line num="37" count="8" type="cond" truecount="1" falsecount="1"/>
        <line num="38" count="8" type="cond" truecount="2" falsecount="0"/>
        <line num="41" count="7" type="stmt"/>
        <line num="42" count="7" type="cond" truecount="2" falsecount="0"/>
        <line num="43" count="2" type="cond" truecount="1" falsecount="1"/>
        <line num="45" count="2" type="stmt"/>
        <line num="49" count="18" type="cond" truecount="2" falsecount="0"/>
        <line num="50" count="11" type="stmt"/>
        <line num="51" count="11" type="cond" truecount="2" falsecount="0"/>
      </file>
    </package>
    <package name="store">
      <metrics statements="9" coveredstatements="9" conditionals="0" coveredconditionals="0" methods="7" coveredmethods="7"/>
      <file name="authStore.ts" path="/Users/renato/Desktop/laburos/AMA/ui-sistemaJueces/store/authStore.ts">
        <metrics statements="9" coveredstatements="9" conditionals="0" coveredconditionals="0" methods="7" coveredmethods="7"/>
        <line num="16" count="7" type="stmt"/>
        <line num="18" count="7" type="stmt"/>
        <line num="24" count="6" type="stmt"/>
        <line num="28" count="6" type="stmt"/>
        <line num="29" count="6" type="stmt"/>
        <line num="33" count="3" type="stmt"/>
        <line num="37" count="4" type="stmt"/>
        <line num="42" count="7" type="stmt"/>
        <line num="43" count="107" type="stmt"/>
      </file>
    </package>
    <package name="tests.helpers">
      <metrics statements="3" coveredstatements="3" conditionals="2" coveredconditionals="2" methods="3" coveredmethods="3"/>
      <file name="authStore.ts" path="/Users/renato/Desktop/laburos/AMA/ui-sistemaJueces/tests/helpers/authStore.ts">
        <metrics statements="3" coveredstatements="3" conditionals="2" coveredconditionals="2" methods="3" coveredmethods="3"/>
        <line num="5" count="61" type="stmt"/>
        <line num="13" count="27" type="stmt"/>
        <line num="27" count="6" type="stmt"/>
      </file>
    </package>
    <package name="tests.msw">
      <metrics statements="23" coveredstatements="22" conditionals="6" coveredconditionals="6" methods="8" coveredmethods="7"/>
      <file name="handlers.ts" path="/Users/renato/Desktop/laburos/AMA/ui-sistemaJueces/tests/msw/handlers.ts">
        <metrics statements="22" coveredstatements="21" conditionals="6" coveredconditionals="6" methods="8" coveredmethods="7"/>
        <line num="3" count="27" type="stmt"/>
        <line num="4" count="27" type="stmt"/>
        <line num="8" count="27" type="stmt"/>
        <line num="10" count="3" type="stmt"/>
        <line num="12" count="3" type="cond" truecount="2" falsecount="0"/>
        <line num="13" count="1" type="stmt"/>
        <line num="19" count="2" type="stmt"/>
        <line num="32" count="3" type="stmt"/>
        <line num="51" count="27" type="stmt"/>
        <line num="53" count="6" type="stmt"/>
        <line num="55" count="6" type="cond" truecount="2" falsecount="0"/>
        <line num="56" count="3" type="stmt"/>
        <line num="59" count="3" type="stmt"/>
        <line num="70" count="1" type="stmt"/>
        <line num="71" count="1" type="stmt"/>
        <line num="80" count="1" type="stmt"/>
        <line num="95" count="3" type="stmt"/>
        <line num="134" count="11" type="cond" truecount="2" falsecount="0"/>
        <line num="135" count="3" type="stmt"/>
        <line num="140" count="8" type="stmt"/>
        <line num="151" count="0" type="stmt"/>
        <line num="155" count="27" type="stmt"/>
      </file>
      <file name="server.ts" path="/Users/renato/Desktop/laburos/AMA/ui-sistemaJueces/tests/msw/server.ts">
        <metrics statements="1" coveredstatements="1" conditionals="0" coveredconditionals="0" methods="0" coveredmethods="0"/>
        <line num="4" count="27" type="stmt"/>
      </file>
    </package>
  </project>
</coverage>
