{"/Users/renato/Desktop/laburos/AMA/ui-sistemaJueces/__mocks__/lib/axios.ts": {"path":"/Users/renato/Desktop/laburos/AMA/ui-sistemaJueces/__mocks__/lib/axios.ts","statementMap":{"0":{"start":{"line":4,"column":22},"end":{"line":4,"column":72}},"1":{"start":{"line":5,"column":25},"end":{"line":5,"column":75}}},"fnMap":{},"branchMap":{},"s":{"0":8,"1":8},"f":{},"b":{},"meta":{"lastBranch":0,"lastFunction":0,"lastStatement":2,"seen":{"s:4:22:4:72":0,"s:5:25:5:75":1}}}
,"/Users/renato/Desktop/laburos/AMA/ui-sistemaJueces/components/atoms/CustomCheckbox.tsx": {"path":"/Users/renato/Desktop/laburos/AMA/ui-sistemaJueces/components/atoms/CustomCheckbox.tsx","statementMap":{"0":{"start":{"line":21,"column":2},"end":{"line":32,"column":null}}},"fnMap":{"0":{"name":"CustomCheckbox","decl":{"start":{"line":13,"column":16},"end":{"line":13,"column":31}},"loc":{"start":{"line":20,"column":24},"end":{"line":32,"column":null}},"line":20}},"branchMap":{"0":{"loc":{"start":{"line":32,"column":7},"end":{"line":32,"column":null}},"type":"binary-expr","locations":[{"start":{"line":32,"column":7},"end":{"line":32,"column":19}},{"start":{"line":32,"column":19},"end":{"line":32,"column":null}}],"line":32}},"s":{"0":3},"f":{"0":3},"b":{"0":[3,3]},"meta":{"lastBranch":1,"lastFunction":1,"lastStatement":1,"seen":{"f:13:16:13:31":0,"s:21:2:32:Infinity":0,"b:32:7:32:19:32:19:32:Infinity":0}}}
,"/Users/renato/Desktop/laburos/AMA/ui-sistemaJueces/components/atoms/CustomInput.tsx": {"path":"/Users/renato/Desktop/laburos/AMA/ui-sistemaJueces/components/atoms/CustomInput.tsx","statementMap":{"0":{"start":{"line":10,"column":6},"end":{"line":20,"column":null}},"1":{"start":{"line":11,"column":8},"end":{"line":11,"column":20}},"2":{"start":{"line":12,"column":2},"end":{"line":20,"column":null}},"3":{"start":{"line":18,"column":29},"end":{"line":18,"column":62}}},"fnMap":{"0":{"name":"(anonymous_0)","decl":{"start":{"line":10,"column":6},"end":{"line":10,"column":21}},"loc":{"start":{"line":10,"column":78},"end":{"line":20,"column":null}},"line":10},"1":{"name":"(anonymous_1)","decl":{"start":{"line":18,"column":8},"end":{"line":18,"column":19}},"loc":{"start":{"line":18,"column":29},"end":{"line":18,"column":62}},"line":18}},"branchMap":{},"s":{"0":3,"1":315,"2":315,"3":165},"f":{"0":315,"1":165},"b":{},"meta":{"lastBranch":0,"lastFunction":2,"lastStatement":4,"seen":{"s:10:6:20:Infinity":0,"f:10:6:10:21":0,"s:11:8:11:20":1,"s:12:2:20:Infinity":2,"f:18:8:18:19":1,"s:18:29:18:62":3}}}
,"/Users/renato/Desktop/laburos/AMA/ui-sistemaJueces/components/atoms/CustomSelect.tsx": {"path":"/Users/renato/Desktop/laburos/AMA/ui-sistemaJueces/components/atoms/CustomSelect.tsx","statementMap":{"0":{"start":{"line":1,"column":0},"end":{"line":1,"column":null}},"1":{"start":{"line":36,"column":22},"end":{"line":36,"column":null}},"2":{"start":{"line":36,"column":43},"end":{"line":36,"column":64}},"3":{"start":{"line":38,"column":2},"end":{"line":61,"column":null}},"4":{"start":{"line":44,"column":27},"end":{"line":44,"column":65}},"5":{"start":{"line":44,"column":48},"end":{"line":44,"column":65}},"6":{"start":{"line":45,"column":10},"end":{"line":45,"column":null}},"7":{"start":{"line":45,"column":24},"end":{"line":45,"column":null}},"8":{"start":{"line":56,"column":14},"end":{"line":58,"column":null}}},"fnMap":{"0":{"name":"CustomSelect","decl":{"start":{"line":27,"column":16},"end":{"line":27,"column":32}},"loc":{"start":{"line":35,"column":25},"end":{"line":61,"column":null}},"line":35},"1":{"name":"(anonymous_1)","decl":{"start":{"line":36,"column":28},"end":{"line":36,"column":34}},"loc":{"start":{"line":36,"column":43},"end":{"line":36,"column":64}},"line":36},"2":{"name":"(anonymous_2)","decl":{"start":{"line":43,"column":8},"end":{"line":43,"column":28}},"loc":{"start":{"line":43,"column":36},"end":{"line":45,"column":null}},"line":43},"3":{"name":"(anonymous_3)","decl":{"start":{"line":44,"column":33},"end":{"line":44,"column":39}},"loc":{"start":{"line":44,"column":48},"end":{"line":44,"column":65}},"line":44},"4":{"name":"(anonymous_4)","decl":{"start":{"line":55,"column":14},"end":{"line":55,"column":null}},"loc":{"start":{"line":56,"column":14},"end":{"line":58,"column":null}},"line":56}},"branchMap":{"0":{"loc":{"start":{"line":36,"column":22},"end":{"line":36,"column":null}},"type":"binary-expr","locations":[{"start":{"line":36,"column":22},"end":{"line":36,"column":73}},{"start":{"line":36,"column":73},"end":{"line":36,"column":null}}],"line":36},"1":{"loc":{"start":{"line":40,"column":7},"end":{"line":41,"column":7}},"type":"binary-expr","locations":[{"start":{"line":40,"column":7},"end":{"line":40,"column":16}},{"start":{"line":40,"column":16},"end":{"line":41,"column":7}}],"line":40},"2":{"loc":{"start":{"line":45,"column":10},"end":{"line":45,"column":null}},"type":"if","locations":[{"start":{"line":45,"column":10},"end":{"line":45,"column":null}},{"start":{},"end":{}}],"line":45},"3":{"loc":{"start":{"line":57,"column":17},"end":{"line":57,"column":null}},"type":"cond-expr","locations":[{"start":{"line":57,"column":30},"end":{"line":57,"column":46}},{"start":{"line":57,"column":49},"end":{"line":57,"column":null}}],"line":57}},"s":{"0":3,"1":6,"2":6,"3":6,"4":0,"5":0,"6":0,"7":0,"8":9},"f":{"0":6,"1":6,"2":0,"3":0,"4":9},"b":{"0":[6,3],"1":[6,3],"2":[0,0],"3":[3,6]},"meta":{"lastBranch":4,"lastFunction":5,"lastStatement":9,"seen":{"s:1:0:1:Infinity":0,"f:27:16:27:32":0,"s:36:22:36:Infinity":1,"b:36:22:36:73:36:73:36:Infinity":0,"f:36:28:36:34":1,"s:36:43:36:64":2,"s:38:2:61:Infinity":3,"b:40:7:40:16:40:16:41:7":1,"f:43:8:43:28":2,"s:44:27:44:65":4,"f:44:33:44:39":3,"s:44:48:44:65":5,"b:45:10:45:Infinity:undefined:undefined:undefined:undefined":2,"s:45:10:45:Infinity":6,"s:45:24:45:Infinity":7,"f:55:14:55:Infinity":4,"s:56:14:58:Infinity":8,"b:57:30:57:46:57:49:57:Infinity":3}}}
,"/Users/renato/Desktop/laburos/AMA/ui-sistemaJueces/components/atoms/ErrorText.tsx": {"path":"/Users/renato/Desktop/laburos/AMA/ui-sistemaJueces/components/atoms/ErrorText.tsx","statementMap":{"0":{"start":{"line":6,"column":2},"end":{"line":6,"column":null}}},"fnMap":{"0":{"name":"ErrorText","decl":{"start":{"line":5,"column":16},"end":{"line":5,"column":26}},"loc":{"start":{"line":5,"column":55},"end":{"line":6,"column":null}},"line":5}},"branchMap":{},"s":{"0":8},"f":{"0":8},"b":{},"meta":{"lastBranch":0,"lastFunction":1,"lastStatement":1,"seen":{"f:5:16:5:26":0,"s:6:2:6:Infinity":0}}}
,"/Users/renato/Desktop/laburos/AMA/ui-sistemaJueces/components/atoms/LoadingCenter.tsx": {"path":"/Users/renato/Desktop/laburos/AMA/ui-sistemaJueces/components/atoms/LoadingCenter.tsx","statementMap":{"0":{"start":{"line":4,"column":2},"end":{"line":7,"column":null}}},"fnMap":{"0":{"name":"LoadingCenter","decl":{"start":{"line":3,"column":16},"end":{"line":3,"column":32}},"loc":{"start":{"line":3,"column":32},"end":{"line":7,"column":null}},"line":3}},"branchMap":{},"s":{"0":2},"f":{"0":2},"b":{},"meta":{"lastBranch":0,"lastFunction":1,"lastStatement":1,"seen":{"f:3:16:3:32":0,"s:4:2:7:Infinity":0}}}
,"/Users/renato/Desktop/laburos/AMA/ui-sistemaJueces/components/atoms/MarcaCellEditor.tsx": {"path":"/Users/renato/Desktop/laburos/AMA/ui-sistemaJueces/components/atoms/MarcaCellEditor.tsx","statementMap":{"0":{"start":{"line":1,"column":0},"end":{"line":1,"column":null}},"1":{"start":{"line":9,"column":6},"end":{"line":61,"column":null}},"2":{"start":{"line":15,"column":8},"end":{"line":15,"column":49}},"3":{"start":{"line":17,"column":8},"end":{"line":23,"column":null}},"4":{"start":{"line":18,"column":4},"end":{"line":21,"column":null}},"5":{"start":{"line":19,"column":6},"end":{"line":19,"column":null}},"6":{"start":{"line":19,"column":31},"end":{"line":19,"column":null}},"7":{"start":{"line":20,"column":17},"end":{"line":20,"column":39}},"8":{"start":{"line":21,"column":6},"end":{"line":21,"column":null}},"9":{"start":{"line":21,"column":36},"end":{"line":21,"column":null}},"10":{"start":{"line":23,"column":4},"end":{"line":23,"column":null}},"11":{"start":{"line":26,"column":18},"end":{"line":26,"column":60}},"12":{"start":{"line":28,"column":2},"end":{"line":31,"column":null}},"13":{"start":{"line":29,"column":4},"end":{"line":29,"column":null}},"14":{"start":{"line":33,"column":2},"end":{"line":39,"column":null}},"15":{"start":{"line":34,"column":15},"end":{"line":34,"column":null}},"16":{"start":{"line":35,"column":4},"end":{"line":35,"column":null}},"17":{"start":{"line":35,"column":13},"end":{"line":35,"column":null}},"18":{"start":{"line":36,"column":4},"end":{"line":36,"column":null}},"19":{"start":{"line":37,"column":16},"end":{"line":37,"column":null}},"20":{"start":{"line":38,"column":4},"end":{"line":38,"column":null}},"21":{"start":{"line":41,"column":8},"end":{"line":43,"column":null}},"22":{"start":{"line":42,"column":10},"end":{"line":42,"column":69}},"23":{"start":{"line":43,"column":4},"end":{"line":43,"column":null}},"24":{"start":{"line":46,"column":8},"end":{"line":49,"column":null}},"25":{"start":{"line":48,"column":4},"end":{"line":49,"column":null}},"26":{"start":{"line":49,"column":6},"end":{"line":49,"column":null}},"27":{"start":{"line":53,"column":2},"end":{"line":61,"column":null}}},"fnMap":{"0":{"name":"(anonymous_0)","decl":{"start":{"line":9,"column":6},"end":{"line":9,"column":25}},"loc":{"start":{"line":14,"column":13},"end":{"line":61,"column":null}},"line":14},"1":{"name":"(anonymous_1)","decl":{"start":{"line":17,"column":8},"end":{"line":17,"column":35}},"loc":{"start":{"line":17,"column":35},"end":{"line":23,"column":null}},"line":17},"2":{"name":"(anonymous_2)","decl":{"start":{"line":28,"column":2},"end":{"line":28,"column":18}},"loc":{"start":{"line":28,"column":18},"end":{"line":31,"column":6}},"line":28},"3":{"name":"(anonymous_3)","decl":{"start":{"line":33,"column":2},"end":{"line":33,"column":18}},"loc":{"start":{"line":33,"column":18},"end":{"line":39,"column":7}},"line":33},"4":{"name":"(anonymous_4)","decl":{"start":{"line":41,"column":8},"end":{"line":41,"column":24}},"loc":{"start":{"line":41,"column":67},"end":{"line":43,"column":null}},"line":41},"5":{"name":"(anonymous_5)","decl":{"start":{"line":46,"column":8},"end":{"line":46,"column":25}},"loc":{"start":{"line":46,"column":70},"end":{"line":49,"column":null}},"line":46}},"branchMap":{"0":{"loc":{"start":{"line":18,"column":4},"end":{"line":21,"column":null}},"type":"if","locations":[{"start":{"line":18,"column":4},"end":{"line":21,"column":null}},{"start":{},"end":{}}],"line":18},"1":{"loc":{"start":{"line":18,"column":8},"end":{"line":18,"column":43}},"type":"binary-expr","locations":[{"start":{"line":18,"column":8},"end":{"line":18,"column":20}},{"start":{"line":18,"column":20},"end":{"line":18,"column":43}}],"line":18},"2":{"loc":{"start":{"line":19,"column":6},"end":{"line":19,"column":null}},"type":"if","locations":[{"start":{"line":19,"column":6},"end":{"line":19,"column":null}},{"start":{},"end":{}}],"line":19},"3":{"loc":{"start":{"line":21,"column":6},"end":{"line":21,"column":null}},"type":"if","locations":[{"start":{"line":21,"column":6},"end":{"line":21,"column":null}},{"start":{},"end":{}}],"line":21},"4":{"loc":{"start":{"line":21,"column":10},"end":{"line":21,"column":36}},"type":"binary-expr","locations":[{"start":{"line":21,"column":10},"end":{"line":21,"column":24}},{"start":{"line":21,"column":24},"end":{"line":21,"column":36}}],"line":21},"5":{"loc":{"start":{"line":23,"column":11},"end":{"line":23,"column":null}},"type":"binary-expr","locations":[{"start":{"line":23,"column":11},"end":{"line":23,"column":20}},{"start":{"line":23,"column":20},"end":{"line":23,"column":null}}],"line":23},"6":{"loc":{"start":{"line":35,"column":4},"end":{"line":35,"column":null}},"type":"if","locations":[{"start":{"line":35,"column":4},"end":{"line":35,"column":null}},{"start":{},"end":{}}],"line":35},"7":{"loc":{"start":{"line":48,"column":4},"end":{"line":49,"column":null}},"type":"if","locations":[{"start":{"line":48,"column":4},"end":{"line":49,"column":null}},{"start":{},"end":{}}],"line":48}},"s":{"0":2,"1":2,"2":7,"3":7,"4":6,"5":2,"6":1,"7":1,"8":1,"9":1,"10":4,"11":7,"12":7,"13":7,"14":7,"15":6,"16":6,"17":0,"18":6,"19":6,"20":6,"21":7,"22":1,"23":1,"24":7,"25":1,"26":1,"27":7},"f":{"0":7,"1":6,"2":7,"3":6,"4":1,"5":1},"b":{"0":[2,4],"1":[6,2],"2":[1,1],"3":[1,0],"4":[1,0],"5":[4,0],"6":[0,6],"7":[1,0]},"meta":{"lastBranch":8,"lastFunction":6,"lastStatement":28,"seen":{"s:1:0:1:Infinity":0,"s:9:6:61:Infinity":1,"f:9:6:9:25":0,"s:15:8:15:49":2,"s:17:8:23:Infinity":3,"f:17:8:17:35":1,"b:18:4:21:Infinity:undefined:undefined:undefined:undefined":0,"s:18:4:21:Infinity":4,"b:18:8:18:20:18:20:18:43":1,"b:19:6:19:Infinity:undefined:undefined:undefined:undefined":2,"s:19:6:19:Infinity":5,"s:19:31:19:Infinity":6,"s:20:17:20:39":7,"b:21:6:21:Infinity:undefined:undefined:undefined:undefined":3,"s:21:6:21:Infinity":8,"b:21:10:21:24:21:24:21:36":4,"s:21:36:21:Infinity":9,"s:23:4:23:Infinity":10,"b:23:11:23:20:23:20:23:Infinity":5,"s:26:18:26:60":11,"s:28:2:31:Infinity":12,"f:28:2:28:18":2,"s:29:4:29:Infinity":13,"s:33:2:39:Infinity":14,"f:33:2:33:18":3,"s:34:15:34:Infinity":15,"b:35:4:35:Infinity:undefined:undefined:undefined:undefined":6,"s:35:4:35:Infinity":16,"s:35:13:35:Infinity":17,"s:36:4:36:Infinity":18,"s:37:16:37:Infinity":19,"s:38:4:38:Infinity":20,"s:41:8:43:Infinity":21,"f:41:8:41:24":4,"s:42:10:42:69":22,"s:43:4:43:Infinity":23,"s:46:8:49:Infinity":24,"f:46:8:46:25":5,"b:48:4:49:Infinity:undefined:undefined:undefined:undefined":7,"s:48:4:49:Infinity":25,"s:49:6:49:Infinity":26,"s:53:2:61:Infinity":27}}}
,"/Users/renato/Desktop/laburos/AMA/ui-sistemaJueces/components/atoms/MarcaVientoCellEditor.tsx": {"path":"/Users/renato/Desktop/laburos/AMA/ui-sistemaJueces/components/atoms/MarcaVientoCellEditor.tsx","statementMap":{"0":{"start":{"line":1,"column":0},"end":{"line":1,"column":null}},"1":{"start":{"line":17,"column":6},"end":{"line":78,"column":null}},"2":{"start":{"line":23,"column":8},"end":{"line":23,"column":49}},"3":{"start":{"line":25,"column":8},"end":{"line":31,"column":null}},"4":{"start":{"line":26,"column":4},"end":{"line":29,"column":null}},"5":{"start":{"line":27,"column":6},"end":{"line":27,"column":null}},"6":{"start":{"line":27,"column":31},"end":{"line":27,"column":null}},"7":{"start":{"line":28,"column":17},"end":{"line":28,"column":39}},"8":{"start":{"line":29,"column":6},"end":{"line":29,"column":null}},"9":{"start":{"line":29,"column":36},"end":{"line":29,"column":null}},"10":{"start":{"line":31,"column":4},"end":{"line":31,"column":null}},"11":{"start":{"line":34,"column":16},"end":{"line":34,"column":61}},"12":{"start":{"line":35,"column":17},"end":{"line":35,"column":71}},"13":{"start":{"line":37,"column":2},"end":{"line":39,"column":null}},"14":{"start":{"line":38,"column":4},"end":{"line":38,"column":null}},"15":{"start":{"line":41,"column":2},"end":{"line":44,"column":null}},"16":{"start":{"line":42,"column":4},"end":{"line":42,"column":null}},"17":{"start":{"line":46,"column":8},"end":{"line":47,"column":null}},"18":{"start":{"line":47,"column":4},"end":{"line":47,"column":null}},"19":{"start":{"line":50,"column":8},"end":{"line":51,"column":null}},"20":{"start":{"line":51,"column":4},"end":{"line":51,"column":null}},"21":{"start":{"line":54,"column":8},"end":{"line":56,"column":null}},"22":{"start":{"line":55,"column":4},"end":{"line":56,"column":null}},"23":{"start":{"line":56,"column":6},"end":{"line":56,"column":null}},"24":{"start":{"line":60,"column":2},"end":{"line":78,"column":null}}},"fnMap":{"0":{"name":"(anonymous_0)","decl":{"start":{"line":17,"column":6},"end":{"line":17,"column":31}},"loc":{"start":{"line":22,"column":13},"end":{"line":78,"column":null}},"line":22},"1":{"name":"(anonymous_1)","decl":{"start":{"line":25,"column":8},"end":{"line":25,"column":40}},"loc":{"start":{"line":25,"column":40},"end":{"line":31,"column":null}},"line":25},"2":{"name":"(anonymous_2)","decl":{"start":{"line":37,"column":2},"end":{"line":37,"column":18}},"loc":{"start":{"line":37,"column":18},"end":{"line":39,"column":7}},"line":37},"3":{"name":"(anonymous_3)","decl":{"start":{"line":41,"column":2},"end":{"line":41,"column":18}},"loc":{"start":{"line":41,"column":18},"end":{"line":44,"column":6}},"line":41},"4":{"name":"(anonymous_4)","decl":{"start":{"line":46,"column":8},"end":{"line":46,"column":29}},"loc":{"start":{"line":46,"column":72},"end":{"line":47,"column":null}},"line":46},"5":{"name":"(anonymous_5)","decl":{"start":{"line":50,"column":8},"end":{"line":50,"column":30}},"loc":{"start":{"line":50,"column":73},"end":{"line":51,"column":null}},"line":50},"6":{"name":"(anonymous_6)","decl":{"start":{"line":54,"column":8},"end":{"line":54,"column":22}},"loc":{"start":{"line":54,"column":49},"end":{"line":56,"column":null}},"line":54}},"branchMap":{"0":{"loc":{"start":{"line":26,"column":4},"end":{"line":29,"column":null}},"type":"if","locations":[{"start":{"line":26,"column":4},"end":{"line":29,"column":null}},{"start":{},"end":{}}],"line":26},"1":{"loc":{"start":{"line":26,"column":8},"end":{"line":26,"column":43}},"type":"binary-expr","locations":[{"start":{"line":26,"column":8},"end":{"line":26,"column":20}},{"start":{"line":26,"column":20},"end":{"line":26,"column":43}}],"line":26},"2":{"loc":{"start":{"line":27,"column":6},"end":{"line":27,"column":null}},"type":"if","locations":[{"start":{"line":27,"column":6},"end":{"line":27,"column":null}},{"start":{},"end":{}}],"line":27},"3":{"loc":{"start":{"line":29,"column":6},"end":{"line":29,"column":null}},"type":"if","locations":[{"start":{"line":29,"column":6},"end":{"line":29,"column":null}},{"start":{},"end":{}}],"line":29},"4":{"loc":{"start":{"line":29,"column":10},"end":{"line":29,"column":36}},"type":"binary-expr","locations":[{"start":{"line":29,"column":10},"end":{"line":29,"column":24}},{"start":{"line":29,"column":24},"end":{"line":29,"column":36}}],"line":29},"5":{"loc":{"start":{"line":31,"column":11},"end":{"line":31,"column":null}},"type":"binary-expr","locations":[{"start":{"line":31,"column":11},"end":{"line":31,"column":27}},{"start":{"line":31,"column":27},"end":{"line":31,"column":null}}],"line":31},"6":{"loc":{"start":{"line":35,"column":47},"end":{"line":35,"column":71}},"type":"binary-expr","locations":[{"start":{"line":35,"column":47},"end":{"line":35,"column":64}},{"start":{"line":35,"column":64},"end":{"line":35,"column":71}}],"line":35},"7":{"loc":{"start":{"line":42,"column":27},"end":{"line":42,"column":42}},"type":"binary-expr","locations":[{"start":{"line":42,"column":27},"end":{"line":42,"column":36}},{"start":{"line":42,"column":36},"end":{"line":42,"column":42}}],"line":42},"8":{"loc":{"start":{"line":42,"column":50},"end":{"line":42,"column":66}},"type":"binary-expr","locations":[{"start":{"line":42,"column":50},"end":{"line":42,"column":60}},{"start":{"line":42,"column":60},"end":{"line":42,"column":66}}],"line":42},"9":{"loc":{"start":{"line":55,"column":4},"end":{"line":56,"column":null}},"type":"if","locations":[{"start":{"line":55,"column":4},"end":{"line":56,"column":null}},{"start":{},"end":{}}],"line":55}},"s":{"0":2,"1":2,"2":7,"3":7,"4":5,"5":0,"6":0,"7":0,"8":0,"9":0,"10":5,"11":7,"12":7,"13":7,"14":5,"15":7,"16":7,"17":7,"18":1,"19":7,"20":1,"21":7,"22":0,"23":0,"24":7},"f":{"0":7,"1":5,"2":5,"3":7,"4":1,"5":1,"6":0},"b":{"0":[0,5],"1":[5,0],"2":[0,0],"3":[0,0],"4":[0,0],"5":[5,2],"6":[7,2],"7":[7,2],"8":[7,0],"9":[0,0]},"meta":{"lastBranch":10,"lastFunction":7,"lastStatement":25,"seen":{"s:1:0:1:Infinity":0,"s:17:6:78:Infinity":1,"f:17:6:17:31":0,"s:23:8:23:49":2,"s:25:8:31:Infinity":3,"f:25:8:25:40":1,"b:26:4:29:Infinity:undefined:undefined:undefined:undefined":0,"s:26:4:29:Infinity":4,"b:26:8:26:20:26:20:26:43":1,"b:27:6:27:Infinity:undefined:undefined:undefined:undefined":2,"s:27:6:27:Infinity":5,"s:27:31:27:Infinity":6,"s:28:17:28:39":7,"b:29:6:29:Infinity:undefined:undefined:undefined:undefined":3,"s:29:6:29:Infinity":8,"b:29:10:29:24:29:24:29:36":4,"s:29:36:29:Infinity":9,"s:31:4:31:Infinity":10,"b:31:11:31:27:31:27:31:Infinity":5,"s:34:16:34:61":11,"s:35:17:35:71":12,"b:35:47:35:64:35:64:35:71":6,"s:37:2:39:Infinity":13,"f:37:2:37:18":2,"s:38:4:38:Infinity":14,"s:41:2:44:Infinity":15,"f:41:2:41:18":3,"s:42:4:42:Infinity":16,"b:42:27:42:36:42:36:42:42":7,"b:42:50:42:60:42:60:42:66":8,"s:46:8:47:Infinity":17,"f:46:8:46:29":4,"s:47:4:47:Infinity":18,"s:50:8:51:Infinity":19,"f:50:8:50:30":5,"s:51:4:51:Infinity":20,"s:54:8:56:Infinity":21,"f:54:8:54:22":6,"b:55:4:56:Infinity:undefined:undefined:undefined:undefined":9,"s:55:4:56:Infinity":22,"s:56:6:56:Infinity":23,"s:60:2:78:Infinity":24}}}
,"/Users/renato/Desktop/laburos/AMA/ui-sistemaJueces/components/atoms/MarcaVientoCellRenderer.tsx": {"path":"/Users/renato/Desktop/laburos/AMA/ui-sistemaJueces/components/atoms/MarcaVientoCellRenderer.tsx","statementMap":{"0":{"start":{"line":1,"column":0},"end":{"line":1,"column":null}},"1":{"start":{"line":5,"column":6},"end":{"line":14,"column":null}},"2":{"start":{"line":8,"column":2},"end":{"line":9,"column":null}},"3":{"start":{"line":9,"column":4},"end":{"line":9,"column":null}},"4":{"start":{"line":10,"column":2},"end":{"line":14,"column":null}}},"fnMap":{"0":{"name":"(anonymous_0)","decl":{"start":{"line":5,"column":6},"end":{"line":5,"column":33}},"loc":{"start":{"line":7,"column":57},"end":{"line":14,"column":null}},"line":7}},"branchMap":{"0":{"loc":{"start":{"line":8,"column":2},"end":{"line":9,"column":null}},"type":"if","locations":[{"start":{"line":8,"column":2},"end":{"line":9,"column":null}},{"start":{},"end":{}}],"line":8},"1":{"loc":{"start":{"line":8,"column":6},"end":{"line":8,"column":null}},"type":"binary-expr","locations":[{"start":{"line":8,"column":6},"end":{"line":8,"column":23}},{"start":{"line":8,"column":23},"end":{"line":8,"column":null}}],"line":8},"2":{"loc":{"start":{"line":12,"column":43},"end":{"line":12,"column":70}},"type":"binary-expr","locations":[{"start":{"line":12,"column":43},"end":{"line":12,"column":59}},{"start":{"line":12,"column":59},"end":{"line":12,"column":70}}],"line":12},"3":{"loc":{"start":{"line":13,"column":7},"end":{"line":14,"column":null}},"type":"binary-expr","locations":[{"start":{"line":13,"column":7},"end":{"line":13,"column":null}},{"start":{"line":14,"column":8},"end":{"line":14,"column":null}}],"line":13}},"s":{"0":2,"1":2,"2":5,"3":2,"4":3},"f":{"0":5},"b":{"0":[2,3],"1":[5,2],"2":[3,0],"3":[5,1]},"meta":{"lastBranch":4,"lastFunction":1,"lastStatement":5,"seen":{"s:1:0:1:Infinity":0,"s:5:6:14:Infinity":1,"f:5:6:5:33":0,"b:8:2:9:Infinity:undefined:undefined:undefined:undefined":0,"s:8:2:9:Infinity":2,"b:8:6:8:23:8:23:8:Infinity":1,"s:9:4:9:Infinity":3,"s:10:2:14:Infinity":4,"b:12:43:12:59:12:59:12:70":2,"b:13:7:13:Infinity:14:8:14:Infinity":3}}}
,"/Users/renato/Desktop/laburos/AMA/ui-sistemaJueces/components/atoms/PressableCard.tsx": {"path":"/Users/renato/Desktop/laburos/AMA/ui-sistemaJueces/components/atoms/PressableCard.tsx","statementMap":{"0":{"start":{"line":19,"column":2},"end":{"line":28,"column":null}},"1":{"start":{"line":20,"column":4},"end":{"line":28,"column":null}},"2":{"start":{"line":32,"column":2},"end":{"line":32,"column":null}}},"fnMap":{"0":{"name":"PressableCard","decl":{"start":{"line":12,"column":16},"end":{"line":12,"column":30}},"loc":{"start":{"line":18,"column":23},"end":{"line":32,"column":null}},"line":18}},"branchMap":{"0":{"loc":{"start":{"line":15,"column":2},"end":{"line":15,"column":null}},"type":"default-arg","locations":[{"start":{"line":15,"column":16},"end":{"line":15,"column":null}}],"line":15},"1":{"loc":{"start":{"line":16,"column":2},"end":{"line":16,"column":null}},"type":"default-arg","locations":[{"start":{"line":16,"column":14},"end":{"line":16,"column":null}}],"line":16},"2":{"loc":{"start":{"line":19,"column":2},"end":{"line":28,"column":null}},"type":"if","locations":[{"start":{"line":19,"column":2},"end":{"line":28,"column":null}},{"start":{},"end":{}}],"line":19},"3":{"loc":{"start":{"line":19,"column":6},"end":{"line":19,"column":30}},"type":"binary-expr","locations":[{"start":{"line":19,"column":6},"end":{"line":19,"column":21}},{"start":{"line":19,"column":21},"end":{"line":19,"column":30}}],"line":19}},"s":{"0":4,"1":2,"2":2},"f":{"0":4},"b":{"0":[4],"1":[4],"2":[2,2],"3":[4,2]},"meta":{"lastBranch":4,"lastFunction":1,"lastStatement":3,"seen":{"f:12:16:12:30":0,"b:15:16:15:Infinity":0,"b:16:14:16:Infinity":1,"b:19:2:28:Infinity:undefined:undefined:undefined:undefined":2,"s:19:2:28:Infinity":0,"b:19:6:19:21:19:21:19:30":3,"s:20:4:28:Infinity":1,"s:32:2:32:Infinity":2}}}
,"/Users/renato/Desktop/laburos/AMA/ui-sistemaJueces/components/atoms/StatusChip.tsx": {"path":"/Users/renato/Desktop/laburos/AMA/ui-sistemaJueces/components/atoms/StatusChip.tsx","statementMap":{"0":{"start":{"line":17,"column":2},"end":{"line":20,"column":null}}},"fnMap":{"0":{"name":"StatusChip","decl":{"start":{"line":11,"column":16},"end":{"line":11,"column":27}},"loc":{"start":{"line":16,"column":20},"end":{"line":20,"column":null}},"line":16}},"branchMap":{"0":{"loc":{"start":{"line":12,"column":2},"end":{"line":12,"column":null}},"type":"default-arg","locations":[{"start":{"line":12,"column":10},"end":{"line":12,"column":null}}],"line":12},"1":{"loc":{"start":{"line":13,"column":2},"end":{"line":13,"column":null}},"type":"default-arg","locations":[{"start":{"line":13,"column":12},"end":{"line":13,"column":null}}],"line":13},"2":{"loc":{"start":{"line":14,"column":2},"end":{"line":14,"column":null}},"type":"default-arg","locations":[{"start":{"line":14,"column":9},"end":{"line":14,"column":null}}],"line":14}},"s":{"0":4},"f":{"0":4},"b":{"0":[4],"1":[4],"2":[4]},"meta":{"lastBranch":3,"lastFunction":1,"lastStatement":1,"seen":{"f:11:16:11:27":0,"b:12:10:12:Infinity":0,"b:13:12:13:Infinity":1,"b:14:9:14:Infinity":2,"s:17:2:20:Infinity":0}}}
,"/Users/renato/Desktop/laburos/AMA/ui-sistemaJueces/components/atoms/SubmitButton.tsx": {"path":"/Users/renato/Desktop/laburos/AMA/ui-sistemaJueces/components/atoms/SubmitButton.tsx","statementMap":{"0":{"start":{"line":12,"column":13},"end":{"line":27,"column":null}},"1":{"start":{"line":19,"column":2},"end":{"line":27,"column":null}},"2":{"start":{"line":22,"column":8},"end":{"line":25,"column":null}}},"fnMap":{"0":{"name":"(anonymous_0)","decl":{"start":{"line":12,"column":13},"end":{"line":12,"column":29}},"loc":{"start":{"line":18,"column":25},"end":{"line":27,"column":null}},"line":18},"1":{"name":"(anonymous_1)","decl":{"start":{"line":21,"column":8},"end":{"line":21,"column":10}},"loc":{"start":{"line":22,"column":8},"end":{"line":25,"column":null}},"line":22}},"branchMap":{"0":{"loc":{"start":{"line":15,"column":2},"end":{"line":15,"column":null}},"type":"default-arg","locations":[{"start":{"line":15,"column":14},"end":{"line":15,"column":null}}],"line":15},"1":{"loc":{"start":{"line":16,"column":2},"end":{"line":16,"column":null}},"type":"default-arg","locations":[{"start":{"line":16,"column":9},"end":{"line":16,"column":null}}],"line":16},"2":{"loc":{"start":{"line":23,"column":11},"end":{"line":24,"column":null}},"type":"binary-expr","locations":[{"start":{"line":23,"column":11},"end":{"line":23,"column":24}},{"start":{"line":23,"column":24},"end":{"line":24,"column":null}}],"line":23}},"s":{"0":4,"1":266,"2":358},"f":{"0":266,"1":358},"b":{"0":[266],"1":[266],"2":[358,47]},"meta":{"lastBranch":3,"lastFunction":2,"lastStatement":3,"seen":{"s:12:13:27:Infinity":0,"f:12:13:12:29":0,"b:15:14:15:Infinity":0,"b:16:9:16:Infinity":1,"s:19:2:27:Infinity":1,"f:21:8:21:10":1,"s:22:8:25:Infinity":2,"b:23:11:23:24:23:24:24:Infinity":2}}}
,"/Users/renato/Desktop/laburos/AMA/ui-sistemaJueces/components/atoms/VientoInput.tsx": {"path":"/Users/renato/Desktop/laburos/AMA/ui-sistemaJueces/components/atoms/VientoInput.tsx","statementMap":{"0":{"start":{"line":1,"column":0},"end":{"line":1,"column":null}},"1":{"start":{"line":13,"column":8},"end":{"line":13,"column":20}},"2":{"start":{"line":14,"column":8},"end":{"line":14,"column":38}},"3":{"start":{"line":15,"column":20},"end":{"line":15,"column":null}},"4":{"start":{"line":17,"column":8},"end":{"line":18,"column":null}},"5":{"start":{"line":18,"column":4},"end":{"line":18,"column":null}},"6":{"start":{"line":21,"column":2},"end":{"line":34,"column":null}}},"fnMap":{"0":{"name":"VientoInput","decl":{"start":{"line":7,"column":16},"end":{"line":7,"column":28}},"loc":{"start":{"line":12,"column":21},"end":{"line":34,"column":null}},"line":12},"1":{"name":"(anonymous_1)","decl":{"start":{"line":17,"column":8},"end":{"line":17,"column":24}},"loc":{"start":{"line":17,"column":67},"end":{"line":18,"column":null}},"line":17}},"branchMap":{"0":{"loc":{"start":{"line":10,"column":2},"end":{"line":10,"column":null}},"type":"default-arg","locations":[{"start":{"line":10,"column":10},"end":{"line":10,"column":null}}],"line":10},"1":{"loc":{"start":{"line":15,"column":20},"end":{"line":15,"column":null}},"type":"binary-expr","locations":[{"start":{"line":15,"column":20},"end":{"line":15,"column":42}},{"start":{"line":15,"column":42},"end":{"line":15,"column":null}}],"line":15},"2":{"loc":{"start":{"line":22,"column":43},"end":{"line":22,"column":null}},"type":"binary-expr","locations":[{"start":{"line":22,"column":43},"end":{"line":22,"column":56}},{"start":{"line":22,"column":56},"end":{"line":22,"column":null}}],"line":22},"3":{"loc":{"start":{"line":34,"column":7},"end":{"line":34,"column":null}},"type":"binary-expr","locations":[{"start":{"line":34,"column":7},"end":{"line":34,"column":20}},{"start":{"line":34,"column":20},"end":{"line":34,"column":null}}],"line":34}},"s":{"0":2,"1":8,"2":8,"3":8,"4":8,"5":1,"6":8},"f":{"0":8,"1":1},"b":{"0":[8],"1":[8,6],"2":[8,8],"3":[8,1]},"meta":{"lastBranch":4,"lastFunction":2,"lastStatement":7,"seen":{"s:1:0:1:Infinity":0,"f:7:16:7:28":0,"b:10:10:10:Infinity":0,"s:13:8:13:20":1,"s:14:8:14:38":2,"s:15:20:15:Infinity":3,"b:15:20:15:42:15:42:15:Infinity":1,"s:17:8:18:Infinity":4,"f:17:8:17:24":1,"s:18:4:18:Infinity":5,"s:21:2:34:Infinity":6,"b:22:43:22:56:22:56:22:Infinity":2,"b:34:7:34:20:34:20:34:Infinity":3}}}
,"/Users/renato/Desktop/laburos/AMA/ui-sistemaJueces/components/molecules/TorneoSelector.tsx": {"path":"/Users/renato/Desktop/laburos/AMA/ui-sistemaJueces/components/molecules/TorneoSelector.tsx","statementMap":{"0":{"start":{"line":1,"column":0},"end":{"line":1,"column":null}},"1":{"start":{"line":15,"column":2},"end":{"line":15,"column":null}},"2":{"start":{"line":15,"column":15},"end":{"line":15,"column":null}},"3":{"start":{"line":17,"column":16},"end":{"line":17,"column":79}},"4":{"start":{"line":17,"column":36},"end":{"line":17,"column":79}},"5":{"start":{"line":19,"column":2},"end":{"line":41,"column":null}},"6":{"start":{"line":33,"column":10},"end":{"line":39,"column":null}}},"fnMap":{"0":{"name":"TorneoSelector","decl":{"start":{"line":7,"column":24},"end":{"line":7,"column":39}},"loc":{"start":{"line":14,"column":24},"end":{"line":41,"column":null}},"line":14},"1":{"name":"(anonymous_1)","decl":{"start":{"line":17,"column":24},"end":{"line":17,"column":29}},"loc":{"start":{"line":17,"column":36},"end":{"line":17,"column":79}},"line":17},"2":{"name":"(anonymous_2)","decl":{"start":{"line":32,"column":8},"end":{"line":32,"column":21}},"loc":{"start":{"line":33,"column":10},"end":{"line":39,"column":null}},"line":33}},"branchMap":{"0":{"loc":{"start":{"line":15,"column":2},"end":{"line":15,"column":null}},"type":"if","locations":[{"start":{"line":15,"column":2},"end":{"line":15,"column":null}},{"start":{},"end":{}}],"line":15},"1":{"loc":{"start":{"line":30,"column":15},"end":{"line":30,"column":null}},"type":"binary-expr","locations":[{"start":{"line":30,"column":15},"end":{"line":30,"column":27}},{"start":{"line":30,"column":27},"end":{"line":30,"column":null}}],"line":30}},"s":{"0":1,"1":4,"2":1,"3":3,"4":3,"5":3,"6":3},"f":{"0":4,"1":3,"2":3},"b":{"0":[1,3],"1":[3,3]},"meta":{"lastBranch":2,"lastFunction":3,"lastStatement":7,"seen":{"s:1:0:1:Infinity":0,"f:7:24:7:39":0,"b:15:2:15:Infinity:undefined:undefined:undefined:undefined":0,"s:15:2:15:Infinity":1,"s:15:15:15:Infinity":2,"s:17:16:17:79":3,"f:17:24:17:29":1,"s:17:36:17:79":4,"s:19:2:41:Infinity":5,"b:30:15:30:27:30:27:30:Infinity":1,"f:32:8:32:21":2,"s:33:10:39:Infinity":6}}}
,"/Users/renato/Desktop/laburos/AMA/ui-sistemaJueces/components/organisms/AdminNav.tsx": {"path":"/Users/renato/Desktop/laburos/AMA/ui-sistemaJueces/components/organisms/AdminNav.tsx","statementMap":{"0":{"start":{"line":1,"column":0},"end":{"line":1,"column":null}},"1":{"start":{"line":9,"column":8},"end":{"line":9,"column":28}},"2":{"start":{"line":10,"column":8},"end":{"line":10,"column":46}},"3":{"start":{"line":10,"column":37},"end":{"line":10,"column":46}},"4":{"start":{"line":12,"column":8},"end":{"line":14,"column":null}},"5":{"start":{"line":13,"column":4},"end":{"line":13,"column":null}},"6":{"start":{"line":14,"column":4},"end":{"line":14,"column":null}},"7":{"start":{"line":17,"column":2},"end":{"line":34,"column":null}}},"fnMap":{"0":{"name":"AdminHeader","decl":{"start":{"line":8,"column":24},"end":{"line":8,"column":36}},"loc":{"start":{"line":8,"column":65},"end":{"line":34,"column":null}},"line":8},"1":{"name":"(anonymous_1)","decl":{"start":{"line":10,"column":17},"end":{"line":10,"column":31}},"loc":{"start":{"line":10,"column":37},"end":{"line":10,"column":46}},"line":10},"2":{"name":"(anonymous_2)","decl":{"start":{"line":12,"column":8},"end":{"line":12,"column":29}},"loc":{"start":{"line":12,"column":29},"end":{"line":14,"column":null}},"line":12}},"branchMap":{},"s":{"0":1,"1":7,"2":7,"3":24,"4":7,"5":3,"6":3,"7":7},"f":{"0":7,"1":24,"2":3},"b":{},"meta":{"lastBranch":0,"lastFunction":3,"lastStatement":8,"seen":{"s:1:0:1:Infinity":0,"f:8:24:8:36":0,"s:9:8:9:28":1,"s:10:8:10:46":2,"f:10:17:10:31":1,"s:10:37:10:46":3,"s:12:8:14:Infinity":4,"f:12:8:12:29":2,"s:13:4:13:Infinity":5,"s:14:4:14:Infinity":6,"s:17:2:34:Infinity":7}}}
,"/Users/renato/Desktop/laburos/AMA/ui-sistemaJueces/components/organisms/ImportErrorsGrid.tsx": {"path":"/Users/renato/Desktop/laburos/AMA/ui-sistemaJueces/components/organisms/ImportErrorsGrid.tsx","statementMap":{"0":{"start":{"line":1,"column":0},"end":{"line":1,"column":null}},"1":{"start":{"line":10,"column":0},"end":{"line":10,"column":null}},"2":{"start":{"line":13,"column":8},"end":{"line":22,"column":null}},"3":{"start":{"line":14,"column":10},"end":{"line":21,"column":null}},"4":{"start":{"line":25,"column":8},"end":{"line":40,"column":12}},"5":{"start":{"line":26,"column":15},"end":{"line":28,"column":6}},"6":{"start":{"line":29,"column":4},"end":{"line":29,"column":null}},"7":{"start":{"line":29,"column":56},"end":{"line":29,"column":63}},"8":{"start":{"line":31,"column":4},"end":{"line":36,"column":null}},"9":{"start":{"line":33,"column":21},"end":{"line":33,"column":59}},"10":{"start":{"line":34,"column":8},"end":{"line":34,"column":null}},"11":{"start":{"line":34,"column":22},"end":{"line":34,"column":null}},"12":{"start":{"line":37,"column":15},"end":{"line":37,"column":36}},"13":{"start":{"line":38,"column":4},"end":{"line":38,"column":null}},"14":{"start":{"line":39,"column":4},"end":{"line":39,"column":null}},"15":{"start":{"line":42,"column":2},"end":{"line":51,"column":null}}},"fnMap":{"0":{"name":"ImportErrorsGrid","decl":{"start":{"line":12,"column":24},"end":{"line":12,"column":41}},"loc":{"start":{"line":12,"column":76},"end":{"line":51,"column":null}},"line":12},"1":{"name":"(anonymous_1)","decl":{"start":{"line":13,"column":18},"end":{"line":13,"column":null}},"loc":{"start":{"line":14,"column":10},"end":{"line":21,"column":null}},"line":14},"2":{"name":"(anonymous_2)","decl":{"start":{"line":25,"column":23},"end":{"line":25,"column":41}},"loc":{"start":{"line":25,"column":41},"end":{"line":40,"column":6}},"line":25},"3":{"name":"(anonymous_3)","decl":{"start":{"line":29,"column":42},"end":{"line":29,"column":47}},"loc":{"start":{"line":29,"column":56},"end":{"line":29,"column":63}},"line":29},"4":{"name":"(anonymous_4)","decl":{"start":{"line":31,"column":63},"end":{"line":31,"column":null}},"loc":{"start":{"line":32,"column":20},"end":{"line":36,"column":null}},"line":32}},"branchMap":{"0":{"loc":{"start":{"line":34,"column":8},"end":{"line":34,"column":null}},"type":"if","locations":[{"start":{"line":34,"column":8},"end":{"line":34,"column":null}},{"start":{},"end":{}}],"line":34}},"s":{"0":1,"1":1,"2":5,"3":5,"4":5,"5":2,"6":2,"7":12,"8":2,"9":12,"10":12,"11":2,"12":2,"13":2,"14":2,"15":5},"f":{"0":5,"1":5,"2":2,"3":12,"4":12},"b":{"0":[2,10]},"meta":{"lastBranch":1,"lastFunction":5,"lastStatement":16,"seen":{"s:1:0:1:Infinity":0,"s:10:0:10:Infinity":1,"f:12:24:12:41":0,"s:13:8:22:Infinity":2,"f:13:18:13:Infinity":1,"s:14:10:21:Infinity":3,"s:25:8:40:12":4,"f:25:23:25:41":2,"s:26:15:28:6":5,"s:29:4:29:Infinity":6,"f:29:42:29:47":3,"s:29:56:29:63":7,"s:31:4:36:Infinity":8,"f:31:63:31:Infinity":4,"s:33:21:33:59":9,"b:34:8:34:Infinity:undefined:undefined:undefined:undefined":0,"s:34:8:34:Infinity":10,"s:34:22:34:Infinity":11,"s:37:15:37:36":12,"s:38:4:38:Infinity":13,"s:39:4:39:Infinity":14,"s:42:2:51:Infinity":15}}}
,"/Users/renato/Desktop/laburos/AMA/ui-sistemaJueces/components/organisms/JuecesGrid.tsx": {"path":"/Users/renato/Desktop/laburos/AMA/ui-sistemaJueces/components/organisms/JuecesGrid.tsx","statementMap":{"0":{"start":{"line":1,"column":0},"end":{"line":1,"column":null}},"1":{"start":{"line":11,"column":0},"end":{"line":11,"column":null}},"2":{"start":{"line":19,"column":29},"end":{"line":21,"column":7}},"3":{"start":{"line":23,"column":8},"end":{"line":109,"column":58}},"4":{"start":{"line":24,"column":10},"end":{"line":25,"column":61}},"5":{"start":{"line":24,"column":39},"end":{"line":25,"column":61}},"6":{"start":{"line":26,"column":4},"end":{"line":108,"column":null}},"7":{"start":{"line":38,"column":10},"end":{"line":44,"column":null}},"8":{"start":{"line":51,"column":10},"end":{"line":51,"column":null}},"9":{"start":{"line":51,"column":23},"end":{"line":51,"column":null}},"10":{"start":{"line":52,"column":27},"end":{"line":52,"column":73}},"11":{"start":{"line":53,"column":10},"end":{"line":68,"column":null}},"12":{"start":{"line":57,"column":16},"end":{"line":60,"column":19}},"13":{"start":{"line":57,"column":49},"end":{"line":60,"column":19}},"14":{"start":{"line":62,"column":42},"end":{"line":66,"column":17}},"15":{"start":{"line":76,"column":10},"end":{"line":76,"column":null}},"16":{"start":{"line":76,"column":23},"end":{"line":76,"column":null}},"17":{"start":{"line":77,"column":27},"end":{"line":77,"column":73}},"18":{"start":{"line":78,"column":10},"end":{"line":103,"column":null}},"19":{"start":{"line":84,"column":33},"end":{"line":84,"column":71}},"20":{"start":{"line":92,"column":33},"end":{"line":92,"column":72}},"21":{"start":{"line":100,"column":31},"end":{"line":100,"column":54}},"22":{"start":{"line":111,"column":2},"end":{"line":119,"column":null}}},"fnMap":{"0":{"name":"JuecesGrid","decl":{"start":{"line":13,"column":24},"end":{"line":13,"column":35}},"loc":{"start":{"line":18,"column":20},"end":{"line":119,"column":null}},"line":18},"1":{"name":"(anonymous_1)","decl":{"start":{"line":23,"column":18},"end":{"line":23,"column":54}},"loc":{"start":{"line":23,"column":54},"end":{"line":109,"column":6}},"line":23},"2":{"name":"(anonymous_2)","decl":{"start":{"line":24,"column":10},"end":{"line":24,"column":23}},"loc":{"start":{"line":24,"column":39},"end":{"line":25,"column":61}},"line":24},"3":{"name":"(anonymous_3)","decl":{"start":{"line":37,"column":8},"end":{"line":37,"column":23}},"loc":{"start":{"line":38,"column":10},"end":{"line":44,"column":null}},"line":38},"4":{"name":"(anonymous_4)","decl":{"start":{"line":50,"column":8},"end":{"line":50,"column":23}},"loc":{"start":{"line":50,"column":62},"end":{"line":68,"column":null}},"line":50},"5":{"name":"(anonymous_5)","decl":{"start":{"line":56,"column":14},"end":{"line":56,"column":25}},"loc":{"start":{"line":57,"column":16},"end":{"line":60,"column":19}},"line":57},"6":{"name":"(anonymous_6)","decl":{"start":{"line":57,"column":16},"end":{"line":57,"column":39}},"loc":{"start":{"line":57,"column":49},"end":{"line":60,"column":19}},"line":57},"7":{"name":"(anonymous_7)","decl":{"start":{"line":62,"column":29},"end":{"line":62,"column":34}},"loc":{"start":{"line":62,"column":42},"end":{"line":66,"column":17}},"line":62},"8":{"name":"(anonymous_8)","decl":{"start":{"line":75,"column":8},"end":{"line":75,"column":23}},"loc":{"start":{"line":75,"column":62},"end":{"line":103,"column":null}},"line":75},"9":{"name":"(anonymous_9)","decl":{"start":{"line":84,"column":18},"end":{"line":84,"column":33}},"loc":{"start":{"line":84,"column":33},"end":{"line":84,"column":71}},"line":84},"10":{"name":"(anonymous_10)","decl":{"start":{"line":92,"column":18},"end":{"line":92,"column":33}},"loc":{"start":{"line":92,"column":33},"end":{"line":92,"column":72}},"line":92},"11":{"name":"(anonymous_11)","decl":{"start":{"line":100,"column":16},"end":{"line":100,"column":31}},"loc":{"start":{"line":100,"column":31},"end":{"line":100,"column":54}},"line":100}},"branchMap":{"0":{"loc":{"start":{"line":40,"column":19},"end":{"line":40,"column":null}},"type":"cond-expr","locations":[{"start":{"line":40,"column":38},"end":{"line":40,"column":50}},{"start":{"line":40,"column":50},"end":{"line":40,"column":null}}],"line":40},"1":{"loc":{"start":{"line":43,"column":13},"end":{"line":43,"column":null}},"type":"cond-expr","locations":[{"start":{"line":43,"column":32},"end":{"line":43,"column":45}},{"start":{"line":43,"column":45},"end":{"line":43,"column":null}}],"line":43},"2":{"loc":{"start":{"line":51,"column":10},"end":{"line":51,"column":null}},"type":"if","locations":[{"start":{"line":51,"column":10},"end":{"line":51,"column":null}},{"start":{},"end":{}}],"line":51},"3":{"loc":{"start":{"line":55,"column":21},"end":{"line":55,"column":null}},"type":"cond-expr","locations":[{"start":{"line":55,"column":45},"end":{"line":55,"column":59}},{"start":{"line":55,"column":59},"end":{"line":55,"column":null}}],"line":55},"4":{"loc":{"start":{"line":76,"column":10},"end":{"line":76,"column":null}},"type":"if","locations":[{"start":{"line":76,"column":10},"end":{"line":76,"column":null}},{"start":{},"end":{}}],"line":76},"5":{"loc":{"start":{"line":80,"column":15},"end":{"line":97,"column":15}},"type":"cond-expr","locations":[{"start":{"line":81,"column":16},"end":{"line":89,"column":17}},{"start":{"line":89,"column":16},"end":{"line":97,"column":15}}],"line":80}},"s":{"0":1,"1":1,"2":7,"3":7,"4":6,"5":0,"6":6,"7":0,"8":0,"9":0,"10":0,"11":0,"12":0,"13":0,"14":0,"15":0,"16":0,"17":0,"18":0,"19":0,"20":0,"21":0,"22":7},"f":{"0":7,"1":6,"2":0,"3":0,"4":0,"5":0,"6":0,"7":0,"8":0,"9":0,"10":0,"11":0},"b":{"0":[0,0],"1":[0,0],"2":[0,0],"3":[0,0],"4":[0,0],"5":[0,0]},"meta":{"lastBranch":6,"lastFunction":12,"lastStatement":23,"seen":{"s:1:0:1:Infinity":0,"s:11:0:11:Infinity":1,"f:13:24:13:35":0,"s:19:29:21:7":2,"s:23:8:109:58":3,"f:23:18:23:54":1,"s:24:10:25:61":4,"f:24:10:24:23":2,"s:24:39:25:61":5,"s:26:4:108:Infinity":6,"f:37:8:37:23":3,"s:38:10:44:Infinity":7,"b:40:38:40:50:40:50:40:Infinity":0,"b:43:32:43:45:43:45:43:Infinity":1,"f:50:8:50:23":4,"b:51:10:51:Infinity:undefined:undefined:undefined:undefined":2,"s:51:10:51:Infinity":8,"s:51:23:51:Infinity":9,"s:52:27:52:73":10,"s:53:10:68:Infinity":11,"b:55:45:55:59:55:59:55:Infinity":3,"f:56:14:56:25":5,"s:57:16:60:19":12,"f:57:16:57:39":6,"s:57:49:60:19":13,"f:62:29:62:34":7,"s:62:42:66:17":14,"f:75:8:75:23":8,"b:76:10:76:Infinity:undefined:undefined:undefined:undefined":4,"s:76:10:76:Infinity":15,"s:76:23:76:Infinity":16,"s:77:27:77:73":17,"s:78:10:103:Infinity":18,"b:81:16:89:17:89:16:97:15":5,"f:84:18:84:33":9,"s:84:33:84:71":19,"f:92:18:92:33":10,"s:92:33:92:72":20,"f:100:16:100:31":11,"s:100:31:100:54":21,"s:111:2:119:Infinity":22}}}
,"/Users/renato/Desktop/laburos/AMA/ui-sistemaJueces/components/organisms/JuezNav.tsx": {"path":"/Users/renato/Desktop/laburos/AMA/ui-sistemaJueces/components/organisms/JuezNav.tsx","statementMap":{"0":{"start":{"line":1,"column":0},"end":{"line":1,"column":null}},"1":{"start":{"line":9,"column":8},"end":{"line":9,"column":28}},"2":{"start":{"line":10,"column":23},"end":{"line":10,"column":58}},"3":{"start":{"line":12,"column":8},"end":{"line":14,"column":null}},"4":{"start":{"line":13,"column":4},"end":{"line":13,"column":null}},"5":{"start":{"line":14,"column":4},"end":{"line":14,"column":null}},"6":{"start":{"line":17,"column":2},"end":{"line":40,"column":null}}},"fnMap":{"0":{"name":"JuezNav","decl":{"start":{"line":8,"column":24},"end":{"line":8,"column":34}},"loc":{"start":{"line":8,"column":34},"end":{"line":40,"column":null}},"line":8},"1":{"name":"(anonymous_1)","decl":{"start":{"line":12,"column":8},"end":{"line":12,"column":29}},"loc":{"start":{"line":12,"column":29},"end":{"line":14,"column":null}},"line":12}},"branchMap":{"0":{"loc":{"start":{"line":21,"column":10},"end":{"line":21,"column":null}},"type":"cond-expr","locations":[{"start":{"line":21,"column":24},"end":{"line":21,"column":66}},{"start":{"line":21,"column":66},"end":{"line":21,"column":null}}],"line":21},"1":{"loc":{"start":{"line":28,"column":9},"end":{"line":36,"column":null}},"type":"binary-expr","locations":[{"start":{"line":28,"column":9},"end":{"line":28,"column":null}},{"start":{"line":29,"column":10},"end":{"line":36,"column":null}}],"line":28},"2":{"loc":{"start":{"line":31,"column":13},"end":{"line":36,"column":null}},"type":"binary-expr","locations":[{"start":{"line":31,"column":13},"end":{"line":31,"column":null}},{"start":{"line":32,"column":14},"end":{"line":36,"column":null}}],"line":31}},"s":{"0":1,"1":13,"2":13,"3":13,"4":2,"5":2,"6":13},"f":{"0":13,"1":2},"b":{"0":[7,6],"1":[13,7],"2":[7,2]},"meta":{"lastBranch":3,"lastFunction":2,"lastStatement":7,"seen":{"s:1:0:1:Infinity":0,"f:8:24:8:34":0,"s:9:8:9:28":1,"s:10:23:10:58":2,"s:12:8:14:Infinity":3,"f:12:8:12:29":1,"s:13:4:13:Infinity":4,"s:14:4:14:Infinity":5,"s:17:2:40:Infinity":6,"b:21:24:21:66:21:66:21:Infinity":0,"b:28:9:28:Infinity:29:10:36:Infinity":1,"b:31:13:31:Infinity:32:14:36:Infinity":2}}}
,"/Users/renato/Desktop/laburos/AMA/ui-sistemaJueces/components/organisms/RegistrarAtletaModal.tsx": {"path":"/Users/renato/Desktop/laburos/AMA/ui-sistemaJueces/components/organisms/RegistrarAtletaModal.tsx","statementMap":{"0":{"start":{"line":1,"column":0},"end":{"line":1,"column":null}},"1":{"start":{"line":28,"column":8},"end":{"line":28,"column":33}},"2":{"start":{"line":29,"column":14},"end":{"line":29,"column":36}},"3":{"start":{"line":30,"column":16},"end":{"line":34,"column":17}},"4":{"start":{"line":35,"column":19},"end":{"line":35,"column":49}},"5":{"start":{"line":36,"column":15},"end":{"line":41,"column":4}},"6":{"start":{"line":42,"column":18},"end":{"line":42,"column":47}},"7":{"start":{"line":43,"column":16},"end":{"line":43,"column":40}},"8":{"start":{"line":45,"column":23},"end":{"line":62,"column":null}},"9":{"start":{"line":46,"column":4},"end":{"line":46,"column":null}},"10":{"start":{"line":47,"column":4},"end":{"line":47,"column":null}},"11":{"start":{"line":48,"column":4},"end":{"line":48,"column":null}},"12":{"start":{"line":49,"column":4},"end":{"line":49,"column":null}},"13":{"start":{"line":50,"column":4},"end":{"line":62,"column":null}},"14":{"start":{"line":51,"column":23},"end":{"line":52,"column":null}},"15":{"start":{"line":54,"column":6},"end":{"line":54,"column":null}},"16":{"start":{"line":56,"column":18},"end":{"line":56,"column":null}},"17":{"start":{"line":59,"column":6},"end":{"line":60,"column":null}},"18":{"start":{"line":59,"column":40},"end":{"line":59,"column":null}},"19":{"start":{"line":60,"column":11},"end":{"line":60,"column":null}},"20":{"start":{"line":62,"column":6},"end":{"line":62,"column":null}},"21":{"start":{"line":66,"column":26},"end":{"line":85,"column":null}},"22":{"start":{"line":67,"column":4},"end":{"line":67,"column":null}},"23":{"start":{"line":68,"column":4},"end":{"line":68,"column":null}},"24":{"start":{"line":69,"column":4},"end":{"line":85,"column":null}},"25":{"start":{"line":70,"column":6},"end":{"line":75,"column":null}},"26":{"start":{"line":76,"column":6},"end":{"line":76,"column":null}},"27":{"start":{"line":77,"column":6},"end":{"line":77,"column":null}},"28":{"start":{"line":78,"column":6},"end":{"line":78,"column":null}},"29":{"start":{"line":79,"column":6},"end":{"line":79,"column":null}},"30":{"start":{"line":80,"column":6},"end":{"line":80,"column":null}},"31":{"start":{"line":82,"column":18},"end":{"line":82,"column":null}},"32":{"start":{"line":83,"column":6},"end":{"line":83,"column":null}},"33":{"start":{"line":85,"column":6},"end":{"line":85,"column":null}},"34":{"start":{"line":89,"column":2},"end":{"line":197,"column":null}},"35":{"start":{"line":144,"column":22},"end":{"line":144,"column":68}},"36":{"start":{"line":144,"column":38},"end":{"line":144,"column":68}},"37":{"start":{"line":152,"column":39},"end":{"line":152,"column":74}},"38":{"start":{"line":152,"column":55},"end":{"line":152,"column":74}},"39":{"start":{"line":161,"column":44},"end":{"line":161,"column":null}},"40":{"start":{"line":161,"column":60},"end":{"line":161,"column":null}},"41":{"start":{"line":169,"column":22},"end":{"line":169,"column":69}},"42":{"start":{"line":169,"column":38},"end":{"line":169,"column":69}}},"fnMap":{"0":{"name":"RegistrarAtletaModal","decl":{"start":{"line":22,"column":24},"end":{"line":22,"column":45}},"loc":{"start":{"line":27,"column":30},"end":{"line":197,"column":null}},"line":27},"1":{"name":"(anonymous_1)","decl":{"start":{"line":45,"column":23},"end":{"line":45,"column":35}},"loc":{"start":{"line":45,"column":35},"end":{"line":62,"column":null}},"line":45},"2":{"name":"(anonymous_2)","decl":{"start":{"line":66,"column":26},"end":{"line":66,"column":38}},"loc":{"start":{"line":66,"column":38},"end":{"line":85,"column":null}},"line":66},"3":{"name":"(anonymous_3)","decl":{"start":{"line":143,"column":20},"end":{"line":143,"column":36}},"loc":{"start":{"line":144,"column":22},"end":{"line":144,"column":68}},"line":144},"4":{"name":"(anonymous_4)","decl":{"start":{"line":144,"column":22},"end":{"line":144,"column":31}},"loc":{"start":{"line":144,"column":38},"end":{"line":144,"column":68}},"line":144},"5":{"name":"(anonymous_5)","decl":{"start":{"line":152,"column":22},"end":{"line":152,"column":33}},"loc":{"start":{"line":152,"column":39},"end":{"line":152,"column":74}},"line":152},"6":{"name":"(anonymous_6)","decl":{"start":{"line":152,"column":39},"end":{"line":152,"column":48}},"loc":{"start":{"line":152,"column":55},"end":{"line":152,"column":74}},"line":152},"7":{"name":"(anonymous_7)","decl":{"start":{"line":161,"column":22},"end":{"line":161,"column":38}},"loc":{"start":{"line":161,"column":44},"end":{"line":161,"column":null}},"line":161},"8":{"name":"(anonymous_8)","decl":{"start":{"line":161,"column":44},"end":{"line":161,"column":53}},"loc":{"start":{"line":161,"column":60},"end":{"line":161,"column":null}},"line":161},"9":{"name":"(anonymous_9)","decl":{"start":{"line":168,"column":20},"end":{"line":168,"column":36}},"loc":{"start":{"line":169,"column":22},"end":{"line":169,"column":69}},"line":169},"10":{"name":"(anonymous_10)","decl":{"start":{"line":169,"column":22},"end":{"line":169,"column":31}},"loc":{"start":{"line":169,"column":38},"end":{"line":169,"column":69}},"line":169}},"branchMap":{"0":{"loc":{"start":{"line":59,"column":6},"end":{"line":60,"column":null}},"type":"if","locations":[{"start":{"line":59,"column":6},"end":{"line":60,"column":null}},{"start":{"line":60,"column":11},"end":{"line":60,"column":null}}],"line":59},"1":{"loc":{"start":{"line":60,"column":20},"end":{"line":60,"column":68}},"type":"binary-expr","locations":[{"start":{"line":60,"column":20},"end":{"line":60,"column":49}},{"start":{"line":60,"column":49},"end":{"line":60,"column":68}}],"line":60},"2":{"loc":{"start":{"line":74,"column":12},"end":{"line":74,"column":null}},"type":"cond-expr","locations":[{"start":{"line":74,"column":23},"end":{"line":74,"column":30}},{"start":{"line":74,"column":30},"end":{"line":74,"column":null}}],"line":74},"3":{"loc":{"start":{"line":83,"column":15},"end":{"line":83,"column":66}},"type":"binary-expr","locations":[{"start":{"line":83,"column":15},"end":{"line":83,"column":44}},{"start":{"line":83,"column":44},"end":{"line":83,"column":66}}],"line":83},"4":{"loc":{"start":{"line":123,"column":15},"end":{"line":129,"column":null}},"type":"binary-expr","locations":[{"start":{"line":123,"column":15},"end":{"line":123,"column":null}},{"start":{"line":124,"column":16},"end":{"line":129,"column":null}}],"line":123},"5":{"loc":{"start":{"line":134,"column":15},"end":{"line":173,"column":null}},"type":"binary-expr","locations":[{"start":{"line":134,"column":15},"end":{"line":134,"column":null}},{"start":{"line":135,"column":16},"end":{"line":173,"column":null}}],"line":134},"6":{"loc":{"start":{"line":176,"column":15},"end":{"line":176,"column":null}},"type":"binary-expr","locations":[{"start":{"line":176,"column":15},"end":{"line":176,"column":24}},{"start":{"line":176,"column":24},"end":{"line":176,"column":null}}],"line":176},"7":{"loc":{"start":{"line":182,"column":16},"end":{"line":193,"column":null}},"type":"binary-expr","locations":[{"start":{"line":182,"column":16},"end":{"line":182,"column":25}},{"start":{"line":182,"column":25},"end":{"line":182,"column":null}},{"start":{"line":183,"column":16},"end":{"line":193,"column":null}}],"line":182}},"s":{"0":1,"1":172,"2":172,"3":172,"4":172,"5":172,"6":172,"7":172,"8":172,"9":13,"10":13,"11":13,"12":13,"13":13,"14":13,"15":8,"16":5,"17":5,"18":3,"19":2,"20":13,"21":172,"22":4,"23":4,"24":4,"25":4,"26":2,"27":2,"28":2,"29":2,"30":2,"31":2,"32":2,"33":4,"34":172,"35":0,"36":0,"37":0,"38":0,"39":0,"40":0,"41":0,"42":0},"f":{"0":172,"1":13,"2":4,"3":0,"4":0,"5":0,"6":0,"7":0,"8":0,"9":0,"10":0},"b":{"0":[3,2],"1":[2,0],"2":[0,4],"3":[2,0],"4":[172,14],"5":[172,3],"6":[172,4],"7":[172,158,17]},"meta":{"lastBranch":8,"lastFunction":11,"lastStatement":43,"seen":{"s:1:0:1:Infinity":0,"f:22:24:22:45":0,"s:28:8:28:33":1,"s:29:14:29:36":2,"s:30:16:34:17":3,"s:35:19:35:49":4,"s:36:15:41:4":5,"s:42:18:42:47":6,"s:43:16:43:40":7,"s:45:23:62:Infinity":8,"f:45:23:45:35":1,"s:46:4:46:Infinity":9,"s:47:4:47:Infinity":10,"s:48:4:48:Infinity":11,"s:49:4:49:Infinity":12,"s:50:4:62:Infinity":13,"s:51:23:52:Infinity":14,"s:54:6:54:Infinity":15,"s:56:18:56:Infinity":16,"b:59:6:60:Infinity:60:11:60:Infinity":0,"s:59:6:60:Infinity":17,"s:59:40:59:Infinity":18,"s:60:11:60:Infinity":19,"b:60:20:60:49:60:49:60:68":1,"s:62:6:62:Infinity":20,"s:66:26:85:Infinity":21,"f:66:26:66:38":2,"s:67:4:67:Infinity":22,"s:68:4:68:Infinity":23,"s:69:4:85:Infinity":24,"s:70:6:75:Infinity":25,"b:74:23:74:30:74:30:74:Infinity":2,"s:76:6:76:Infinity":26,"s:77:6:77:Infinity":27,"s:78:6:78:Infinity":28,"s:79:6:79:Infinity":29,"s:80:6:80:Infinity":30,"s:82:18:82:Infinity":31,"s:83:6:83:Infinity":32,"b:83:15:83:44:83:44:83:66":3,"s:85:6:85:Infinity":33,"s:89:2:197:Infinity":34,"b:123:15:123:Infinity:124:16:129:Infinity":4,"b:134:15:134:Infinity:135:16:173:Infinity":5,"f:143:20:143:36":3,"s:144:22:144:68":35,"f:144:22:144:31":4,"s:144:38:144:68":36,"f:152:22:152:33":5,"s:152:39:152:74":37,"f:152:39:152:48":6,"s:152:55:152:74":38,"f:161:22:161:38":7,"s:161:44:161:Infinity":39,"f:161:44:161:53":8,"s:161:60:161:Infinity":40,"f:168:20:168:36":9,"s:169:22:169:69":41,"f:169:22:169:31":10,"s:169:38:169:69":42,"b:176:15:176:24:176:24:176:Infinity":6,"b:182:16:182:25:182:25:182:Infinity:183:16:193:Infinity":7}}}
,"/Users/renato/Desktop/laburos/AMA/ui-sistemaJueces/components/organisms/ResultadosGrid.tsx": {"path":"/Users/renato/Desktop/laburos/AMA/ui-sistemaJueces/components/organisms/ResultadosGrid.tsx","statementMap":{"0":{"start":{"line":1,"column":0},"end":{"line":1,"column":null}},"1":{"start":{"line":35,"column":0},"end":{"line":35,"column":null}},"2":{"start":{"line":37,"column":22},"end":{"line":37,"column":null}},"3":{"start":{"line":49,"column":8},"end":{"line":49,"column":52}},"4":{"start":{"line":50,"column":23},"end":{"line":50,"column":58}},"5":{"start":{"line":51,"column":17},"end":{"line":51,"column":45}},"6":{"start":{"line":52,"column":14},"end":{"line":52,"column":36}},"7":{"start":{"line":53,"column":8},"end":{"line":53,"column":78}},"8":{"start":{"line":53,"column":42},"end":{"line":53,"column":78}},"9":{"start":{"line":55,"column":8},"end":{"line":56,"column":null}},"10":{"start":{"line":56,"column":4},"end":{"line":56,"column":null}},"11":{"start":{"line":59,"column":8},"end":{"line":59,"column":66}},"12":{"start":{"line":59,"column":32},"end":{"line":59,"column":54}},"13":{"start":{"line":61,"column":8},"end":{"line":283,"column":27}},"14":{"start":{"line":62,"column":36},"end":{"line":93,"column":null}},"15":{"start":{"line":68,"column":28},"end":{"line":68,"column":null}},"16":{"start":{"line":79,"column":10},"end":{"line":79,"column":null}},"17":{"start":{"line":79,"column":22},"end":{"line":79,"column":null}},"18":{"start":{"line":90,"column":10},"end":{"line":90,"column":null}},"19":{"start":{"line":90,"column":22},"end":{"line":90,"column":null}},"20":{"start":{"line":95,"column":4},"end":{"line":115,"column":null}},"21":{"start":{"line":96,"column":25},"end":{"line":96,"column":null}},"22":{"start":{"line":97,"column":6},"end":{"line":115,"column":null}},"23":{"start":{"line":105,"column":10},"end":{"line":105,"column":null}},"24":{"start":{"line":105,"column":23},"end":{"line":105,"column":null}},"25":{"start":{"line":106,"column":10},"end":{"line":110,"column":null}},"26":{"start":{"line":111,"column":10},"end":{"line":111,"column":null}},"27":{"start":{"line":112,"column":10},"end":{"line":112,"column":null}},"28":{"start":{"line":118,"column":4},"end":{"line":198,"column":null}},"29":{"start":{"line":119,"column":26},"end":{"line":119,"column":null}},"30":{"start":{"line":120,"column":25},"end":{"line":120,"column":null}},"31":{"start":{"line":121,"column":24},"end":{"line":121,"column":null}},"32":{"start":{"line":123,"column":6},"end":{"line":193,"column":null}},"33":{"start":{"line":123,"column":19},"end":{"line":123,"column":22}},"34":{"start":{"line":124,"column":8},"end":{"line":193,"column":null}},"35":{"start":{"line":126,"column":10},"end":{"line":162,"column":null}},"36":{"start":{"line":134,"column":79},"end":{"line":138,"column":null}},"37":{"start":{"line":140,"column":14},"end":{"line":140,"column":null}},"38":{"start":{"line":140,"column":27},"end":{"line":140,"column":null}},"39":{"start":{"line":141,"column":14},"end":{"line":149,"column":null}},"40":{"start":{"line":142,"column":16},"end":{"line":149,"column":null}},"41":{"start":{"line":151,"column":26},"end":{"line":151,"column":75}},"42":{"start":{"line":152,"column":14},"end":{"line":152,"column":null}},"43":{"start":{"line":152,"column":38},"end":{"line":152,"column":null}},"44":{"start":{"line":153,"column":14},"end":{"line":157,"column":null}},"45":{"start":{"line":158,"column":14},"end":{"line":158,"column":null}},"46":{"start":{"line":159,"column":14},"end":{"line":159,"column":null}},"47":{"start":{"line":160,"column":14},"end":{"line":160,"column":null}},"48":{"start":{"line":165,"column":10},"end":{"line":193,"column":null}},"49":{"start":{"line":173,"column":14},"end":{"line":173,"column":null}},"50":{"start":{"line":175,"column":14},"end":{"line":175,"column":null}},"51":{"start":{"line":175,"column":27},"end":{"line":175,"column":null}},"52":{"start":{"line":176,"column":14},"end":{"line":184,"column":null}},"53":{"start":{"line":177,"column":16},"end":{"line":184,"column":null}},"54":{"start":{"line":186,"column":26},"end":{"line":186,"column":75}},"55":{"start":{"line":187,"column":14},"end":{"line":187,"column":null}},"56":{"start":{"line":187,"column":38},"end":{"line":187,"column":null}},"57":{"start":{"line":188,"column":14},"end":{"line":188,"column":null}},"58":{"start":{"line":189,"column":14},"end":{"line":189,"column":null}},"59":{"start":{"line":190,"column":14},"end":{"line":190,"column":null}},"60":{"start":{"line":191,"column":14},"end":{"line":191,"column":null}},"61":{"start":{"line":198,"column":6},"end":{"line":198,"column":null}},"62":{"start":{"line":203,"column":4},"end":{"line":215,"column":null}},"63":{"start":{"line":204,"column":6},"end":{"line":215,"column":null}},"64":{"start":{"line":209,"column":27},"end":{"line":209,"column":72}},"65":{"start":{"line":210,"column":10},"end":{"line":212,"column":null}},"66":{"start":{"line":211,"column":40},"end":{"line":211,"column":79}},"67":{"start":{"line":218,"column":24},"end":{"line":218,"column":null}},"68":{"start":{"line":219,"column":4},"end":{"line":280,"column":null}},"69":{"start":{"line":226,"column":20},"end":{"line":226,"column":null}},"70":{"start":{"line":227,"column":22},"end":{"line":227,"column":null}},"71":{"start":{"line":228,"column":8},"end":{"line":228,"column":null}},"72":{"start":{"line":228,"column":17},"end":{"line":228,"column":null}},"73":{"start":{"line":229,"column":8},"end":{"line":233,"column":null}},"74":{"start":{"line":230,"column":10},"end":{"line":233,"column":null}},"75":{"start":{"line":235,"column":8},"end":{"line":235,"column":null}},"76":{"start":{"line":238,"column":8},"end":{"line":238,"column":null}},"77":{"start":{"line":238,"column":21},"end":{"line":238,"column":null}},"78":{"start":{"line":239,"column":8},"end":{"line":247,"column":null}},"79":{"start":{"line":240,"column":10},"end":{"line":240,"column":null}},"80":{"start":{"line":241,"column":10},"end":{"line":241,"column":null}},"81":{"start":{"line":243,"column":10},"end":{"line":247,"column":null}},"82":{"start":{"line":249,"column":8},"end":{"line":249,"column":null}},"83":{"start":{"line":250,"column":8},"end":{"line":250,"column":null}},"84":{"start":{"line":251,"column":8},"end":{"line":251,"column":null}},"85":{"start":{"line":254,"column":20},"end":{"line":254,"column":null}},"86":{"start":{"line":255,"column":22},"end":{"line":255,"column":null}},"87":{"start":{"line":256,"column":8},"end":{"line":262,"column":null}},"88":{"start":{"line":257,"column":10},"end":{"line":262,"column":null}},"89":{"start":{"line":264,"column":8},"end":{"line":270,"column":null}},"90":{"start":{"line":265,"column":10},"end":{"line":270,"column":null}},"91":{"start":{"line":272,"column":8},"end":{"line":277,"column":null}},"92":{"start":{"line":282,"column":4},"end":{"line":282,"column":null}},"93":{"start":{"line":285,"column":8},"end":{"line":352,"column":4}},"94":{"start":{"line":286,"column":46},"end":{"line":286,"column":null}},"95":{"start":{"line":287,"column":4},"end":{"line":287,"column":null}},"96":{"start":{"line":287,"column":14},"end":{"line":287,"column":null}},"97":{"start":{"line":289,"column":28},"end":{"line":289,"column":30}},"98":{"start":{"line":290,"column":4},"end":{"line":292,"column":null}},"99":{"start":{"line":291,"column":6},"end":{"line":291,"column":null}},"100":{"start":{"line":291,"column":21},"end":{"line":291,"column":null}},"101":{"start":{"line":294,"column":23},"end":{"line":326,"column":null}},"102":{"start":{"line":295,"column":19},"end":{"line":307,"column":null}},"103":{"start":{"line":309,"column":6},"end":{"line":313,"column":null}},"104":{"start":{"line":310,"column":8},"end":{"line":313,"column":null}},"105":{"start":{"line":315,"column":6},"end":{"line":319,"column":null}},"106":{"start":{"line":316,"column":8},"end":{"line":319,"column":null}},"107":{"start":{"line":321,"column":6},"end":{"line":325,"column":null}},"108":{"start":{"line":328,"column":4},"end":{"line":328,"column":null}},"109":{"start":{"line":329,"column":4},"end":{"line":329,"column":null}},"110":{"start":{"line":330,"column":4},"end":{"line":341,"column":null}},"111":{"start":{"line":331,"column":23},"end":{"line":333,"column":8}},"112":{"start":{"line":334,"column":6},"end":{"line":336,"column":null}},"113":{"start":{"line":337,"column":6},"end":{"line":337,"column":null}},"114":{"start":{"line":339,"column":6},"end":{"line":339,"column":null}},"115":{"start":{"line":341,"column":6},"end":{"line":341,"column":null}},"116":{"start":{"line":354,"column":2},"end":{"line":386,"column":null}}},"fnMap":{"0":{"name":"ResultadosGrid","decl":{"start":{"line":39,"column":24},"end":{"line":39,"column":39}},"loc":{"start":{"line":48,"column":24},"end":{"line":386,"column":null}},"line":48},"1":{"name":"(anonymous_1)","decl":{"start":{"line":53,"column":22},"end":{"line":53,"column":36}},"loc":{"start":{"line":53,"column":42},"end":{"line":53,"column":78}},"line":53},"2":{"name":"(anonymous_2)","decl":{"start":{"line":55,"column":8},"end":{"line":55,"column":30}},"loc":{"start":{"line":55,"column":47},"end":{"line":56,"column":null}},"line":55},"3":{"name":"(anonymous_3)","decl":{"start":{"line":59,"column":18},"end":{"line":59,"column":32}},"loc":{"start":{"line":59,"column":32},"end":{"line":59,"column":54}},"line":59},"4":{"name":"(anonymous_4)","decl":{"start":{"line":61,"column":18},"end":{"line":61,"column":51}},"loc":{"start":{"line":61,"column":51},"end":{"line":283,"column":6}},"line":61},"5":{"name":"(anonymous_5)","decl":{"start":{"line":68,"column":8},"end":{"line":68,"column":22}},"loc":{"start":{"line":68,"column":28},"end":{"line":68,"column":null}},"line":68},"6":{"name":"(anonymous_6)","decl":{"start":{"line":78,"column":8},"end":{"line":78,"column":29}},"loc":{"start":{"line":78,"column":60},"end":{"line":79,"column":null}},"line":78},"7":{"name":"(anonymous_7)","decl":{"start":{"line":89,"column":8},"end":{"line":89,"column":29}},"loc":{"start":{"line":89,"column":60},"end":{"line":90,"column":null}},"line":89},"8":{"name":"(anonymous_8)","decl":{"start":{"line":104,"column":8},"end":{"line":104,"column":22}},"loc":{"start":{"line":104,"column":56},"end":{"line":112,"column":null}},"line":104},"9":{"name":"(anonymous_9)","decl":{"start":{"line":134,"column":12},"end":{"line":134,"column":26}},"loc":{"start":{"line":134,"column":79},"end":{"line":138,"column":null}},"line":134},"10":{"name":"(anonymous_10)","decl":{"start":{"line":139,"column":12},"end":{"line":139,"column":26}},"loc":{"start":{"line":139,"column":78},"end":{"line":160,"column":null}},"line":139},"11":{"name":"(anonymous_11)","decl":{"start":{"line":172,"column":12},"end":{"line":172,"column":26}},"loc":{"start":{"line":173,"column":14},"end":{"line":173,"column":null}},"line":173},"12":{"name":"(anonymous_12)","decl":{"start":{"line":174,"column":12},"end":{"line":174,"column":26}},"loc":{"start":{"line":174,"column":60},"end":{"line":191,"column":null}},"line":174},"13":{"name":"(anonymous_13)","decl":{"start":{"line":208,"column":8},"end":{"line":208,"column":22}},"loc":{"start":{"line":208,"column":56},"end":{"line":212,"column":null}},"line":208},"14":{"name":"(anonymous_14)","decl":{"start":{"line":211,"column":13},"end":{"line":211,"column":18}},"loc":{"start":{"line":211,"column":40},"end":{"line":211,"column":79}},"line":211},"15":{"name":"(anonymous_15)","decl":{"start":{"line":225,"column":6},"end":{"line":225,"column":20}},"loc":{"start":{"line":225,"column":54},"end":{"line":235,"column":null}},"line":225},"16":{"name":"(anonymous_16)","decl":{"start":{"line":237,"column":6},"end":{"line":237,"column":20}},"loc":{"start":{"line":237,"column":54},"end":{"line":251,"column":null}},"line":237},"17":{"name":"(anonymous_17)","decl":{"start":{"line":253,"column":6},"end":{"line":253,"column":21}},"loc":{"start":{"line":253,"column":57},"end":{"line":277,"column":null}},"line":253},"18":{"name":"(anonymous_18)","decl":{"start":{"line":285,"column":36},"end":{"line":285,"column":48}},"loc":{"start":{"line":285,"column":48},"end":{"line":343,"column":null}},"line":285},"19":{"name":"(anonymous_19)","decl":{"start":{"line":290,"column":8},"end":{"line":290,"column":21}},"loc":{"start":{"line":290,"column":50},"end":{"line":292,"column":null}},"line":290},"20":{"name":"(anonymous_20)","decl":{"start":{"line":294,"column":28},"end":{"line":294,"column":33}},"loc":{"start":{"line":294,"column":41},"end":{"line":326,"column":null}},"line":294}},"branchMap":{"0":{"loc":{"start":{"line":53,"column":42},"end":{"line":53,"column":78}},"type":"binary-expr","locations":[{"start":{"line":53,"column":42},"end":{"line":53,"column":72}},{"start":{"line":53,"column":72},"end":{"line":53,"column":78}}],"line":53},"1":{"loc":{"start":{"line":68,"column":28},"end":{"line":68,"column":null}},"type":"binary-expr","locations":[{"start":{"line":68,"column":28},"end":{"line":68,"column":62}},{"start":{"line":68,"column":62},"end":{"line":68,"column":null}}],"line":68},"2":{"loc":{"start":{"line":79,"column":10},"end":{"line":79,"column":null}},"type":"if","locations":[{"start":{"line":79,"column":10},"end":{"line":79,"column":null}},{"start":{},"end":{}}],"line":79},"3":{"loc":{"start":{"line":90,"column":10},"end":{"line":90,"column":null}},"type":"if","locations":[{"start":{"line":90,"column":10},"end":{"line":90,"column":null}},{"start":{},"end":{}}],"line":90},"4":{"loc":{"start":{"line":95,"column":4},"end":{"line":115,"column":null}},"type":"if","locations":[{"start":{"line":95,"column":4},"end":{"line":115,"column":null}},{"start":{},"end":{}}],"line":95},"5":{"loc":{"start":{"line":95,"column":8},"end":{"line":95,"column":54}},"type":"binary-expr","locations":[{"start":{"line":95,"column":8},"end":{"line":95,"column":19}},{"start":{"line":95,"column":19},"end":{"line":95,"column":54}}],"line":95},"6":{"loc":{"start":{"line":96,"column":25},"end":{"line":96,"column":null}},"type":"binary-expr","locations":[{"start":{"line":96,"column":25},"end":{"line":96,"column":46}},{"start":{"line":96,"column":46},"end":{"line":96,"column":null}}],"line":96},"7":{"loc":{"start":{"line":105,"column":10},"end":{"line":105,"column":null}},"type":"if","locations":[{"start":{"line":105,"column":10},"end":{"line":105,"column":null}},{"start":{},"end":{}}],"line":105},"8":{"loc":{"start":{"line":108,"column":12},"end":{"line":108,"column":null}},"type":"binary-expr","locations":[{"start":{"line":108,"column":12},"end":{"line":108,"column":26}},{"start":{"line":108,"column":26},"end":{"line":108,"column":null}}],"line":108},"9":{"loc":{"start":{"line":118,"column":4},"end":{"line":198,"column":null}},"type":"if","locations":[{"start":{"line":118,"column":4},"end":{"line":198,"column":null}},{"start":{},"end":{}}],"line":118},"10":{"loc":{"start":{"line":119,"column":26},"end":{"line":119,"column":null}},"type":"binary-expr","locations":[{"start":{"line":119,"column":26},"end":{"line":119,"column":48}},{"start":{"line":119,"column":48},"end":{"line":119,"column":null}}],"line":119},"11":{"loc":{"start":{"line":120,"column":25},"end":{"line":120,"column":null}},"type":"binary-expr","locations":[{"start":{"line":120,"column":25},"end":{"line":120,"column":45}},{"start":{"line":120,"column":45},"end":{"line":120,"column":null}}],"line":120},"12":{"loc":{"start":{"line":124,"column":8},"end":{"line":193,"column":null}},"type":"if","locations":[{"start":{"line":124,"column":8},"end":{"line":193,"column":null}},{"start":{"line":163,"column":15},"end":{"line":193,"column":null}}],"line":124},"13":{"loc":{"start":{"line":135,"column":21},"end":{"line":135,"column":null}},"type":"binary-expr","locations":[{"start":{"line":135,"column":21},"end":{"line":135,"column":75}},{"start":{"line":135,"column":75},"end":{"line":135,"column":null}}],"line":135},"14":{"loc":{"start":{"line":137,"column":16},"end":{"line":137,"column":null}},"type":"binary-expr","locations":[{"start":{"line":137,"column":16},"end":{"line":137,"column":71}},{"start":{"line":137,"column":71},"end":{"line":137,"column":null}}],"line":137},"15":{"loc":{"start":{"line":140,"column":14},"end":{"line":140,"column":null}},"type":"if","locations":[{"start":{"line":140,"column":14},"end":{"line":140,"column":null}},{"start":{},"end":{}}],"line":140},"16":{"loc":{"start":{"line":141,"column":14},"end":{"line":149,"column":null}},"type":"if","locations":[{"start":{"line":141,"column":14},"end":{"line":149,"column":null}},{"start":{},"end":{}}],"line":141},"17":{"loc":{"start":{"line":151,"column":31},"end":{"line":151,"column":73}},"type":"binary-expr","locations":[{"start":{"line":151,"column":31},"end":{"line":151,"column":71}},{"start":{"line":151,"column":71},"end":{"line":151,"column":73}}],"line":151},"18":{"loc":{"start":{"line":155,"column":23},"end":{"line":155,"column":null}},"type":"binary-expr","locations":[{"start":{"line":155,"column":23},"end":{"line":155,"column":44}},{"start":{"line":155,"column":44},"end":{"line":155,"column":null}}],"line":155},"19":{"loc":{"start":{"line":156,"column":24},"end":{"line":156,"column":null}},"type":"binary-expr","locations":[{"start":{"line":156,"column":24},"end":{"line":156,"column":46}},{"start":{"line":156,"column":46},"end":{"line":156,"column":null}}],"line":156},"20":{"loc":{"start":{"line":173,"column":14},"end":{"line":173,"column":null}},"type":"binary-expr","locations":[{"start":{"line":173,"column":14},"end":{"line":173,"column":68}},{"start":{"line":173,"column":68},"end":{"line":173,"column":null}}],"line":173},"21":{"loc":{"start":{"line":175,"column":14},"end":{"line":175,"column":null}},"type":"if","locations":[{"start":{"line":175,"column":14},"end":{"line":175,"column":null}},{"start":{},"end":{}}],"line":175},"22":{"loc":{"start":{"line":176,"column":14},"end":{"line":184,"column":null}},"type":"if","locations":[{"start":{"line":176,"column":14},"end":{"line":184,"column":null}},{"start":{},"end":{}}],"line":176},"23":{"loc":{"start":{"line":186,"column":31},"end":{"line":186,"column":73}},"type":"binary-expr","locations":[{"start":{"line":186,"column":31},"end":{"line":186,"column":71}},{"start":{"line":186,"column":71},"end":{"line":186,"column":73}}],"line":186},"24":{"loc":{"start":{"line":188,"column":43},"end":{"line":188,"column":63}},"type":"binary-expr","locations":[{"start":{"line":188,"column":43},"end":{"line":188,"column":57}},{"start":{"line":188,"column":57},"end":{"line":188,"column":63}}],"line":188},"25":{"loc":{"start":{"line":198,"column":6},"end":{"line":198,"column":null}},"type":"if","locations":[{"start":{"line":198,"column":6},"end":{"line":198,"column":null}},{"start":{},"end":{}}],"line":198},"26":{"loc":{"start":{"line":203,"column":4},"end":{"line":215,"column":null}},"type":"if","locations":[{"start":{"line":203,"column":4},"end":{"line":215,"column":null}},{"start":{},"end":{}}],"line":203},"27":{"loc":{"start":{"line":209,"column":27},"end":{"line":209,"column":72}},"type":"binary-expr","locations":[{"start":{"line":209,"column":27},"end":{"line":209,"column":70}},{"start":{"line":209,"column":70},"end":{"line":209,"column":72}}],"line":209},"28":{"loc":{"start":{"line":218,"column":24},"end":{"line":218,"column":null}},"type":"binary-expr","locations":[{"start":{"line":218,"column":24},"end":{"line":218,"column":60}},{"start":{"line":218,"column":60},"end":{"line":218,"column":null}}],"line":218},"29":{"loc":{"start":{"line":223,"column":18},"end":{"line":223,"column":null}},"type":"cond-expr","locations":[{"start":{"line":223,"column":32},"end":{"line":223,"column":56}},{"start":{"line":223,"column":56},"end":{"line":223,"column":null}}],"line":223},"30":{"loc":{"start":{"line":224,"column":37},"end":{"line":224,"column":71}},"type":"binary-expr","locations":[{"start":{"line":224,"column":37},"end":{"line":224,"column":58}},{"start":{"line":224,"column":58},"end":{"line":224,"column":71}}],"line":224},"31":{"loc":{"start":{"line":227,"column":22},"end":{"line":227,"column":null}},"type":"binary-expr","locations":[{"start":{"line":227,"column":22},"end":{"line":227,"column":40}},{"start":{"line":227,"column":40},"end":{"line":227,"column":null}}],"line":227},"32":{"loc":{"start":{"line":228,"column":8},"end":{"line":228,"column":null}},"type":"if","locations":[{"start":{"line":228,"column":8},"end":{"line":228,"column":null}},{"start":{},"end":{}}],"line":228},"33":{"loc":{"start":{"line":229,"column":8},"end":{"line":233,"column":null}},"type":"if","locations":[{"start":{"line":229,"column":8},"end":{"line":233,"column":null}},{"start":{},"end":{}}],"line":229},"34":{"loc":{"start":{"line":232,"column":20},"end":{"line":232,"column":null}},"type":"binary-expr","locations":[{"start":{"line":232,"column":20},"end":{"line":232,"column":39}},{"start":{"line":232,"column":39},"end":{"line":232,"column":null}}],"line":232},"35":{"loc":{"start":{"line":238,"column":8},"end":{"line":238,"column":null}},"type":"if","locations":[{"start":{"line":238,"column":8},"end":{"line":238,"column":null}},{"start":{},"end":{}}],"line":238},"36":{"loc":{"start":{"line":239,"column":8},"end":{"line":247,"column":null}},"type":"if","locations":[{"start":{"line":239,"column":8},"end":{"line":247,"column":null}},{"start":{"line":242,"column":15},"end":{"line":247,"column":null}}],"line":239},"37":{"loc":{"start":{"line":240,"column":26},"end":{"line":240,"column":null}},"type":"binary-expr","locations":[{"start":{"line":240,"column":26},"end":{"line":240,"column":47}},{"start":{"line":240,"column":47},"end":{"line":240,"column":null}}],"line":240},"38":{"loc":{"start":{"line":241,"column":27},"end":{"line":241,"column":null}},"type":"binary-expr","locations":[{"start":{"line":241,"column":27},"end":{"line":241,"column":49}},{"start":{"line":241,"column":49},"end":{"line":241,"column":null}}],"line":241},"39":{"loc":{"start":{"line":245,"column":12},"end":{"line":245,"column":null}},"type":"binary-expr","locations":[{"start":{"line":245,"column":12},"end":{"line":245,"column":26}},{"start":{"line":245,"column":26},"end":{"line":245,"column":null}}],"line":245},"40":{"loc":{"start":{"line":246,"column":12},"end":{"line":246,"column":null}},"type":"binary-expr","locations":[{"start":{"line":246,"column":12},"end":{"line":246,"column":33}},{"start":{"line":246,"column":33},"end":{"line":246,"column":null}}],"line":246},"41":{"loc":{"start":{"line":255,"column":22},"end":{"line":255,"column":null}},"type":"binary-expr","locations":[{"start":{"line":255,"column":22},"end":{"line":255,"column":40}},{"start":{"line":255,"column":40},"end":{"line":255,"column":null}}],"line":255},"42":{"loc":{"start":{"line":256,"column":8},"end":{"line":262,"column":null}},"type":"if","locations":[{"start":{"line":256,"column":8},"end":{"line":262,"column":null}},{"start":{},"end":{}}],"line":256},"43":{"loc":{"start":{"line":264,"column":8},"end":{"line":270,"column":null}},"type":"if","locations":[{"start":{"line":264,"column":8},"end":{"line":270,"column":null}},{"start":{},"end":{}}],"line":264},"44":{"loc":{"start":{"line":287,"column":4},"end":{"line":287,"column":null}},"type":"if","locations":[{"start":{"line":287,"column":4},"end":{"line":287,"column":null}},{"start":{},"end":{}}],"line":287},"45":{"loc":{"start":{"line":291,"column":6},"end":{"line":291,"column":null}},"type":"if","locations":[{"start":{"line":291,"column":6},"end":{"line":291,"column":null}},{"start":{},"end":{}}],"line":291},"46":{"loc":{"start":{"line":301,"column":21},"end":{"line":301,"column":null}},"type":"binary-expr","locations":[{"start":{"line":301,"column":21},"end":{"line":301,"column":41}},{"start":{"line":301,"column":41},"end":{"line":301,"column":null}}],"line":301},"47":{"loc":{"start":{"line":302,"column":12},"end":{"line":305,"column":null}},"type":"binary-expr","locations":[{"start":{"line":302,"column":12},"end":{"line":302,"column":null}},{"start":{"line":303,"column":10},"end":{"line":303,"column":34}},{"start":{"line":303,"column":34},"end":{"line":305,"column":null}}],"line":302},"48":{"loc":{"start":{"line":309,"column":6},"end":{"line":313,"column":null}},"type":"if","locations":[{"start":{"line":309,"column":6},"end":{"line":313,"column":null}}
[...]
,"end":{"line":89,"column":null}},{"start":{},"end":{}}],"line":89},"16":{"loc":{"start":{"line":91,"column":4},"end":{"line":94,"column":null}},"type":"if","locations":[{"start":{"line":91,"column":4},"end":{"line":94,"column":null}},{"start":{"line":93,"column":11},"end":{"line":94,"column":null}}],"line":91},"17":{"loc":{"start":{"line":92,"column":6},"end":{"line":92,"column":null}},"type":"if","locations":[{"start":{"line":92,"column":6},"end":{"line":92,"column":null}},{"start":{},"end":{}}],"line":92},"18":{"loc":{"start":{"line":94,"column":6},"end":{"line":94,"column":null}},"type":"if","locations":[{"start":{"line":94,"column":6},"end":{"line":94,"column":null}},{"start":{},"end":{}}],"line":94}},"s":{"0":4,"1":29,"2":29,"3":0,"4":29,"5":1,"6":28,"7":28,"8":3,"9":25,"10":2,"11":23,"12":1,"13":1,"14":1,"15":0,"16":22,"17":22,"18":3,"19":19,"20":19,"21":19,"22":19,"23":60,"24":13,"25":47,"26":19,"27":13,"28":1,"29":12,"30":2,"31":10,"32":10,"33":0,"34":10,"35":4,"36":6,"37":6,"38":29,"39":5,"40":1,"41":24,"42":1,"43":4},"f":{"0":29,"1":13},"b":{"0":[0,29],"1":[1,28],"2":[3,25],"3":[28,26],"4":[2,23],"5":[25,24],"6":[1,22],"7":[1,0],"8":[3,19],"9":[19,76],"10":[13,47],"11":[1,12],"12":[2,10],"13":[12,11],"14":[0,10],"15":[4,6],"16":[5,24],"17":[1,4],"18":[1,23]},"meta":{"lastBranch":19,"lastFunction":2,"lastStatement":44,"seen":{"s:18:76:27:Infinity":0,"f:35:16:35:Infinity":0,"s:40:14:40:Infinity":1,"b:41:2:41:Infinity:undefined:undefined:undefined:undefined":0,"s:41:2:41:Infinity":2,"s:41:12:41:Infinity":3,"b:44:2:44:Infinity:undefined:undefined:undefined:undefined":1,"s:44:2:44:Infinity":4,"s:44:19:44:Infinity":5,"s:47:16:47:34":6,"b:48:2:48:Infinity:undefined:undefined:undefined:undefined":2,"s:48:2:48:Infinity":7,"b:48:6:48:23:48:23:48:38":3,"s:48:38:48:Infinity":8,"b:51:2:52:Infinity:undefined:undefined:undefined:undefined":4,"s:51:2:52:Infinity":9,"b:51:6:51:22:51:22:51:36":5,"s:52:4:52:Infinity":10,"b:56:2:61:Infinity:undefined:undefined:undefined:undefined":6,"s:56:2:61:Infinity":11,"s:57:19:57:Infinity":12,"b:58:4:59:Infinity:undefined:undefined:undefined:undefined":7,"s:58:4:59:Infinity":13,"s:59:6:59:Infinity":14,"s:61:4:61:Infinity":15,"s:65:17:65:40":16,"b:68:2:68:Infinity:undefined:undefined:undefined:undefined":8,"s:68:2:68:Infinity":17,"s:68:29:68:Infinity":18,"s:71:15:71:Infinity":19,"s:72:11:72:Infinity":20,"s:73:2:77:Infinity":21,"s:73:17:73:20":22,"b:73:20:73:40:73:40:73:60":9,"b:74:4:77:Infinity:76:11:77:Infinity":10,"s:74:4:77:Infinity":23,"s:75:6:75:Infinity":24,"s:77:6:77:Infinity":25,"s:81:2:81:Infinity":26,"f:84:16:84:29":1,"b:85:2:85:Infinity:undefined:undefined:undefined:undefined":11,"s:85:2:85:Infinity":27,"s:85:10:85:Infinity":28,"b:86:2:86:Infinity:undefined:undefined:undefined:undefined":12,"s:86:2:86:Infinity":29,"b:86:6:86:19:86:19:86:30":13,"s:86:30:86:Infinity":30,"s:87:14:87:Infinity":31,"b:88:2:88:Infinity:undefined:undefined:undefined:undefined":14,"s:88:2:88:Infinity":32,"s:88:12:88:Infinity":33,"b:89:2:89:Infinity:undefined:undefined:undefined:undefined":15,"s:89:2:89:Infinity":34,"s:89:31:89:Infinity":35,"s:90:2:94:Infinity":36,"s:90:15:90:18":37,"b:91:4:94:Infinity:93:11:94:Infinity":16,"s:91:4:94:Infinity":38,"b:92:6:92:Infinity:undefined:undefined:undefined:undefined":17,"s:92:6:92:Infinity":39,"s:92:24:92:Infinity":40,"b:94:6:94:Infinity:undefined:undefined:undefined:undefined":18,"s:94:6:94:Infinity":41,"s:94:28:94:Infinity":42,"s:97:2:97:Infinity":43}}}
,"/Users/renato/Desktop/laburos/AMA/ui-sistemaJueces/lib/utils/viento.ts": {"path":"/Users/renato/Desktop/laburos/AMA/ui-sistemaJueces/lib/utils/viento.ts","statementMap":{"0":{"start":{"line":15,"column":2},"end":{"line":22,"column":null}},"1":{"start":{"line":17,"column":4},"end":{"line":19,"column":null}},"2":{"start":{"line":19,"column":6},"end":{"line":19,"column":null}},"3":{"start":{"line":22,"column":4},"end":{"line":22,"column":null}},"4":{"start":{"line":26,"column":2},"end":{"line":26,"column":null}},"5":{"start":{"line":26,"column":51},"end":{"line":26,"column":null}},"6":{"start":{"line":29,"column":19},"end":{"line":29,"column":42}},"7":{"start":{"line":32,"column":15},"end":{"line":32,"column":null}},"8":{"start":{"line":33,"column":2},"end":{"line":33,"column":null}},"9":{"start":{"line":33,"column":36},"end":{"line":33,"column":null}},"10":{"start":{"line":36,"column":13},"end":{"line":36,"column":null}},"11":{"start":{"line":37,"column":2},"end":{"line":37,"column":null}},"12":{"start":{"line":37,"column":24},"end":{"line":37,"column":null}},"13":{"start":{"line":38,"column":2},"end":{"line":38,"column":null}},"14":{"start":{"line":38,"column":22},"end":{"line":38,"column":null}},"15":{"start":{"line":41,"column":13},"end":{"line":41,"column":null}},"16":{"start":{"line":42,"column":2},"end":{"line":42,"column":null}},"17":{"start":{"line":42,"column":24},"end":{"line":42,"column":null}},"18":{"start":{"line":43,"column":2},"end":{"line":43,"column":null}},"19":{"start":{"line":43,"column":22},"end":{"line":43,"column":null}},"20":{"start":{"line":45,"column":2},"end":{"line":45,"column":null}},"21":{"start":{"line":49,"column":2},"end":{"line":49,"column":null}},"22":{"start":{"line":49,"column":31},"end":{"line":49,"column":null}},"23":{"start":{"line":50,"column":14},"end":{"line":50,"column":27}},"24":{"start":{"line":51,"column":2},"end":{"line":51,"column":null}}},"fnMap":{"0":{"name":"formatVientoInput","decl":{"start":{"line":13,"column":16},"end":{"line":13,"column":34}},"loc":{"start":{"line":13,"column":70},"end":{"line":45,"column":null}},"line":13},"1":{"name":"isVientoValid","decl":{"start":{"line":48,"column":16},"end":{"line":48,"column":30}},"loc":{"start":{"line":48,"column":50},"end":{"line":51,"column":null}},"line":48}},"branchMap":{"0":{"loc":{"start":{"line":15,"column":2},"end":{"line":22,"column":null}},"type":"if","locations":[{"start":{"line":15,"column":2},"end":{"line":22,"column":null}},{"start":{},"end":{}}],"line":15},"1":{"loc":{"start":{"line":17,"column":4},"end":{"line":19,"column":null}},"type":"if","locations":[{"start":{"line":17,"column":4},"end":{"line":19,"column":null}},{"start":{},"end":{}}],"line":17},"2":{"loc":{"start":{"line":17,"column":8},"end":{"line":17,"column":54}},"type":"binary-expr","locations":[{"start":{"line":17,"column":8},"end":{"line":17,"column":29}},{"start":{"line":17,"column":29},"end":{"line":17,"column":54}}],"line":17},"3":{"loc":{"start":{"line":26,"column":2},"end":{"line":26,"column":null}},"type":"if","locations":[{"start":{"line":26,"column":2},"end":{"line":26,"column":null}},{"start":{},"end":{}}],"line":26},"4":{"loc":{"start":{"line":26,"column":6},"end":{"line":26,"column":51}},"type":"binary-expr","locations":[{"start":{"line":26,"column":6},"end":{"line":26,"column":21}},{"start":{"line":26,"column":21},"end":{"line":26,"column":37}},{"start":{"line":26,"column":37},"end":{"line":26,"column":51}}],"line":26},"5":{"loc":{"start":{"line":33,"column":2},"end":{"line":33,"column":null}},"type":"if","locations":[{"start":{"line":33,"column":2},"end":{"line":33,"column":null}},{"start":{},"end":{}}],"line":33},"6":{"loc":{"start":{"line":33,"column":6},"end":{"line":33,"column":36}},"type":"binary-expr","locations":[{"start":{"line":33,"column":6},"end":{"line":33,"column":22}},{"start":{"line":33,"column":22},"end":{"line":33,"column":36}}],"line":33},"7":{"loc":{"start":{"line":37,"column":2},"end":{"line":37,"column":null}},"type":"if","locations":[{"start":{"line":37,"column":2},"end":{"line":37,"column":null}},{"start":{},"end":{}}],"line":37},"8":{"loc":{"start":{"line":38,"column":2},"end":{"line":38,"column":null}},"type":"if","locations":[{"start":{"line":38,"column":2},"end":{"line":38,"column":null}},{"start":{},"end":{}}],"line":38},"9":{"loc":{"start":{"line":42,"column":2},"end":{"line":42,"column":null}},"type":"if","locations":[{"start":{"line":42,"column":2},"end":{"line":42,"column":null}},{"start":{},"end":{}}],"line":42},"10":{"loc":{"start":{"line":43,"column":2},"end":{"line":43,"column":null}},"type":"if","locations":[{"start":{"line":43,"column":2},"end":{"line":43,"column":null}},{"start":{},"end":{}}],"line":43},"11":{"loc":{"start":{"line":49,"column":2},"end":{"line":49,"column":null}},"type":"if","locations":[{"start":{"line":49,"column":2},"end":{"line":49,"column":null}},{"start":{},"end":{}}],"line":49},"12":{"loc":{"start":{"line":51,"column":9},"end":{"line":51,"column":null}},"type":"binary-expr","locations":[{"start":{"line":51,"column":9},"end":{"line":51,"column":24}},{"start":{"line":51,"column":24},"end":{"line":51,"column":null}}],"line":51}},"s":{"0":15,"1":3,"2":1,"3":2,"4":12,"5":2,"6":10,"7":10,"8":10,"9":2,"10":8,"11":8,"12":0,"13":8,"14":1,"15":7,"16":7,"17":5,"18":2,"19":2,"20":2,"21":18,"22":7,"23":11,"24":11},"f":{"0":15,"1":18},"b":{"0":[3,12],"1":[1,2],"2":[3,2],"3":[2,10],"4":[12,12,11],"5":[2,8],"6":[10,4],"7":[0,8],"8":[1,7],"9":[5,2],"10":[0,2],"11":[7,11],"12":[11,11]},"meta":{"lastBranch":13,"lastFunction":2,"lastStatement":25,"seen":{"f:13:16:13:34":0,"b:15:2:22:Infinity:undefined:undefined:undefined:undefined":0,"s:15:2:22:Infinity":0,"b:17:4:19:Infinity:undefined:undefined:undefined:undefined":1,"s:17:4:19:Infinity":1,"b:17:8:17:29:17:29:17:54":2,"s:19:6:19:Infinity":2,"s:22:4:22:Infinity":3,"b:26:2:26:Infinity:undefined:undefined:undefined:undefined":3,"s:26:2:26:Infinity":4,"b:26:6:26:21:26:21:26:37:26:37:26:51":4,"s:26:51:26:Infinity":5,"s:29:19:29:42":6,"s:32:15:32:Infinity":7,"b:33:2:33:Infinity:undefined:undefined:undefined:undefined":5,"s:33:2:33:Infinity":8,"b:33:6:33:22:33:22:33:36":6,"s:33:36:33:Infinity":9,"s:36:13:36:Infinity":10,"b:37:2:37:Infinity:undefined:undefined:undefined:undefined":7,"s:37:2:37:Infinity":11,"s:37:24:37:Infinity":12,"b:38:2:38:Infinity:undefined:undefined:undefined:undefined":8,"s:38:2:38:Infinity":13,"s:38:22:38:Infinity":14,"s:41:13:41:Infinity":15,"b:42:2:42:Infinity:undefined:undefined:undefined:undefined":9,"s:42:2:42:Infinity":16,"s:42:24:42:Infinity":17,"b:43:2:43:Infinity:undefined:undefined:undefined:undefined":10,"s:43:2:43:Infinity":18,"s:43:22:43:Infinity":19,"s:45:2:45:Infinity":20,"f:48:16:48:30":1,"b:49:2:49:Infinity:undefined:undefined:undefined:undefined":11,"s:49:2:49:Infinity":21,"s:49:31:49:Infinity":22,"s:50:14:50:27":23,"s:51:2:51:Infinity":24,"b:51:9:51:24:51:24:51:Infinity":12}}}
,"/Users/renato/Desktop/laburos/AMA/ui-sistemaJueces/store/authStore.ts": {"path":"/Users/renato/Desktop/laburos/AMA/ui-sistemaJueces/store/authStore.ts","statementMap":{"0":{"start":{"line":16,"column":13},"end":{"line":49,"column":null}},"1":{"start":{"line":18,"column":14},"end":{"line":39,"column":null}},"2":{"start":{"line":24,"column":8},"end":{"line":24,"column":null}},"3":{"start":{"line":28,"column":8},"end":{"line":28,"column":null}},"4":{"start":{"line":29,"column":8},"end":{"line":29,"column":null}},"5":{"start":{"line":33,"column":8},"end":{"line":33,"column":null}},"6":{"start":{"line":37,"column":8},"end":{"line":37,"column":null}},"7":{"start":{"line":42,"column":39},"end":{"line":42,"column":52}},"8":{"start":{"line":43,"column":30},"end":{"line":47,"column":null}}},"fnMap":{"0":{"name":"(anonymous_0)","decl":{"start":{"line":17,"column":2},"end":{"line":17,"column":null}},"loc":{"start":{"line":18,"column":14},"end":{"line":39,"column":null}},"line":18},"1":{"name":"(anonymous_1)","decl":{"start":{"line":23,"column":6},"end":{"line":23,"column":19}},"loc":{"start":{"line":23,"column":35},"end":{"line":24,"column":null}},"line":23},"2":{"name":"(anonymous_2)","decl":{"start":{"line":27,"column":6},"end":{"line":27,"column":23}},"loc":{"start":{"line":27,"column":35},"end":{"line":29,"column":null}},"line":27},"3":{"name":"(anonymous_3)","decl":{"start":{"line":32,"column":6},"end":{"line":32,"column":30}},"loc":{"start":{"line":32,"column":30},"end":{"line":33,"column":null}},"line":32},"4":{"name":"(anonymous_4)","decl":{"start":{"line":36,"column":6},"end":{"line":36,"column":20}},"loc":{"start":{"line":36,"column":20},"end":{"line":37,"column":null}},"line":36},"5":{"name":"(anonymous_5)","decl":{"start":{"line":42,"column":15},"end":{"line":42,"column":39}},"loc":{"start":{"line":42,"column":39},"end":{"line":42,"column":52}},"line":42},"6":{"name":"(anonymous_6)","decl":{"start":{"line":43,"column":6},"end":{"line":43,"column":19}},"loc":{"start":{"line":43,"column":30},"end":{"line":47,"column":null}},"line":43}},"branchMap":{},"s":{"0":7,"1":7,"2":6,"3":6,"4":6,"5":3,"6":4,"7":7,"8":107},"f":{"0":7,"1":6,"2":6,"3":3,"4":4,"5":7,"6":107},"b":{},"meta":{"lastBranch":0,"lastFunction":7,"lastStatement":9,"seen":{"s:16:13:49:Infinity":0,"f:17:2:17:Infinity":0,"s:18:14:39:Infinity":1,"f:23:6:23:19":1,"s:24:8:24:Infinity":2,"f:27:6:27:23":2,"s:28:8:28:Infinity":3,"s:29:8:29:Infinity":4,"f:32:6:32:30":3,"s:33:8:33:Infinity":5,"f:36:6:36:20":4,"s:37:8:37:Infinity":6,"f:42:15:42:39":5,"s:42:39:42:52":7,"f:43:6:43:19":6,"s:43:30:47:Infinity":8}}}
,"/Users/renato/Desktop/laburos/AMA/ui-sistemaJueces/tests/helpers/authStore.ts": {"path":"/Users/renato/Desktop/laburos/AMA/ui-sistemaJueces/tests/helpers/authStore.ts","statementMap":{"0":{"start":{"line":5,"column":2},"end":{"line":9,"column":null}},"1":{"start":{"line":13,"column":2},"end":{"line":23,"column":null}},"2":{"start":{"line":27,"column":2},"end":{"line":27,"column":null}}},"fnMap":{"0":{"name":"resetAuthStore","decl":{"start":{"line":4,"column":16},"end":{"line":4,"column":33}},"loc":{"start":{"line":4,"column":33},"end":{"line":9,"column":null}},"line":4},"1":{"name":"seedJuezSession","decl":{"start":{"line":12,"column":16},"end":{"line":12,"column":32}},"loc":{"start":{"line":12,"column":48},"end":{"line":23,"column":null}},"line":12},"2":{"name":"seedSuperJuezSession","decl":{"start":{"line":26,"column":16},"end":{"line":26,"column":37}},"loc":{"start":{"line":26,"column":53},"end":{"line":27,"column":null}},"line":26}},"branchMap":{"0":{"loc":{"start":{"line":12,"column":32},"end":{"line":12,"column":46}},"type":"default-arg","locations":[{"start":{"line":12,"column":44},"end":{"line":12,"column":46}}],"line":12},"1":{"loc":{"start":{"line":26,"column":37},"end":{"line":26,"column":51}},"type":"default-arg","locations":[{"start":{"line":26,"column":49},"end":{"line":26,"column":51}}],"line":26}},"s":{"0":61,"1":27,"2":6},"f":{"0":61,"1":27,"2":6},"b":{"0":[27],"1":[6]},"meta":{"lastBranch":2,"lastFunction":3,"lastStatement":3,"seen":{"f:4:16:4:33":0,"s:5:2:9:Infinity":0,"f:12:16:12:32":1,"b:12:44:12:46":0,"s:13:2:23:Infinity":1,"f:26:16:26:37":2,"b:26:49:26:51":1,"s:27:2:27:Infinity":2}}}
,"/Users/renato/Desktop/laburos/AMA/ui-sistemaJueces/tests/msw/handlers.ts": {"path":"/Users/renato/Desktop/laburos/AMA/ui-sistemaJueces/tests/msw/handlers.ts","statementMap":{"0":{"start":{"line":3,"column":16},"end":{"line":3,"column":null}},"1":{"start":{"line":4,"column":19},"end":{"line":4,"column":null}},"2":{"start":{"line":8,"column":27},"end":{"line":46,"column":null}},"3":{"start":{"line":10,"column":18},"end":{"line":10,"column":38}},"4":{"start":{"line":12,"column":4},"end":{"line":16,"column":null}},"5":{"start":{"line":13,"column":6},"end":{"line":16,"column":null}},"6":{"start":{"line":19,"column":4},"end":{"line":28,"column":null}},"7":{"start":{"line":32,"column":4},"end":{"line":45,"column":null}},"8":{"start":{"line":51,"column":30},"end":{"line":153,"column":null}},"9":{"start":{"line":53,"column":18},"end":{"line":53,"column":38}},"10":{"start":{"line":55,"column":4},"end":{"line":56,"column":null}},"11":{"start":{"line":56,"column":6},"end":{"line":56,"column":null}},"12":{"start":{"line":59,"column":4},"end":{"line":66,"column":null}},"13":{"start":{"line":70,"column":18},"end":{"line":70,"column":38}},"14":{"start":{"line":71,"column":4},"end":{"line":76,"column":null}},"15":{"start":{"line":80,"column":4},"end":{"line":89,"column":null}},"16":{"start":{"line":95,"column":6},"end":{"line":127,"column":null}},"17":{"start":{"line":134,"column":6},"end":{"line":138,"column":null}},"18":{"start":{"line":135,"column":8},"end":{"line":138,"column":null}},"19":{"start":{"line":140,"column":6},"end":{"line":146,"column":null}},"20":{"start":{"line":151,"column":4},"end":{"line":151,"column":null}},"21":{"start":{"line":155,"column":24},"end":{"line":155,"column":59}}},"fnMap":{"0":{"name":"(anonymous_0)","decl":{"start":{"line":9,"column":37},"end":{"line":9,"column":44}},"loc":{"start":{"line":9,"column":60},"end":{"line":29,"column":null}},"line":9},"1":{"name":"(anonymous_1)","decl":{"start":{"line":31,"column":22},"end":{"line":31,"column":38}},"loc":{"start":{"line":31,"column":38},"end":{"line":46,"column":null}},"line":31},"2":{"name":"(anonymous_2)","decl":{"start":{"line":52,"column":55},"end":{"line":52,"column":62}},"loc":{"start":{"line":52,"column":78},"end":{"line":67,"column":null}},"line":52},"3":{"name":"(anonymous_3)","decl":{"start":{"line":69,"column":56},"end":{"line":69,"column":63}},"loc":{"start":{"line":69,"column":79},"end":{"line":77,"column":null}},"line":69},"4":{"name":"(anonymous_4)","decl":{"start":{"line":79,"column":25},"end":{"line":79,"column":66}},"loc":{"start":{"line":79,"column":66},"end":{"line":90,"column":null}},"line":79},"5":{"name":"(anonymous_5)","decl":{"start":{"line":93,"column":18},"end":{"line":93,"column":null}},"loc":{"start":{"line":94,"column":10},"end":{"line":129,"column":null}},"line":94},"6":{"name":"(anonymous_6)","decl":{"start":{"line":132,"column":18},"end":{"line":132,"column":null}},"loc":{"start":{"line":133,"column":20},"end":{"line":148,"column":null}},"line":133},"7":{"name":"(anonymous_7)","decl":{"start":{"line":150,"column":26},"end":{"line":150,"column":59}},"loc":{"start":{"line":150,"column":59},"end":{"line":151,"column":null}},"line":150}},"branchMap":{"0":{"loc":{"start":{"line":12,"column":4},"end":{"line":16,"column":null}},"type":"if","locations":[{"start":{"line":12,"column":4},"end":{"line":16,"column":null}},{"start":{},"end":{}}],"line":12},"1":{"loc":{"start":{"line":55,"column":4},"end":{"line":56,"column":null}},"type":"if","locations":[{"start":{"line":55,"column":4},"end":{"line":56,"column":null}},{"start":{},"end":{}}],"line":55},"2":{"loc":{"start":{"line":134,"column":6},"end":{"line":138,"column":null}},"type":"if","locations":[{"start":{"line":134,"column":6},"end":{"line":138,"column":null}},{"start":{},"end":{}}],"line":134}},"s":{"0":27,"1":27,"2":27,"3":3,"4":3,"5":1,"6":2,"7":3,"8":27,"9":6,"10":6,"11":3,"12":3,"13":1,"14":1,"15":1,"16":3,"17":11,"18":3,"19":8,"20":0,"21":27},"f":{"0":3,"1":3,"2":6,"3":1,"4":1,"5":3,"6":11,"7":0},"b":{"0":[1,2],"1":[3,3],"2":[3,8]},"meta":{"lastBranch":3,"lastFunction":8,"lastStatement":22,"seen":{"s:3:16:3:Infinity":0,"s:4:19:4:Infinity":1,"s:8:27:46:Infinity":2,"f:9:37:9:44":0,"s:10:18:10:38":3,"b:12:4:16:Infinity:undefined:undefined:undefined:undefined":0,"s:12:4:16:Infinity":4,"s:13:6:16:Infinity":5,"s:19:4:28:Infinity":6,"f:31:22:31:38":1,"s:32:4:45:Infinity":7,"s:51:30:153:Infinity":8,"f:52:55:52:62":2,"s:53:18:53:38":9,"b:55:4:56:Infinity:undefined:undefined:undefined:undefined":1,"s:55:4:56:Infinity":10,"s:56:6:56:Infinity":11,"s:59:4:66:Infinity":12,"f:69:56:69:63":3,"s:70:18:70:38":13,"s:71:4:76:Infinity":14,"f:79:25:79:66":4,"s:80:4:89:Infinity":15,"f:93:18:93:Infinity":5,"s:95:6:127:Infinity":16,"f:132:18:132:Infinity":6,"b:134:6:138:Infinity:undefined:undefined:undefined:undefined":2,"s:134:6:138:Infinity":17,"s:135:8:138:Infinity":18,"s:140:6:146:Infinity":19,"f:150:26:150:59":7,"s:151:4:151:Infinity":20,"s:155:24:155:59":21}}}
,"/Users/renato/Desktop/laburos/AMA/ui-sistemaJueces/tests/msw/server.ts": {"path":"/Users/renato/Desktop/laburos/AMA/ui-sistemaJueces/tests/msw/server.ts","statementMap":{"0":{"start":{"line":4,"column":13},"end":{"line":4,"column":46}}},"fnMap":{},"branchMap":{},"s":{"0":27},"f":{},"b":{},"meta":{"lastBranch":0,"lastFunction":0,"lastStatement":1,"seen":{"s:4:13:4:46":0}}}
}
